TN:
SF:lib/authStore.ts
FN:46,fetchProfileViaRest
FN:68,(anonymous_1)
FN:75,(anonymous_2)
FN:78,(anonymous_3)
FN:81,(anonymous_4)
FN:97,(anonymous_5)
FN:106,(anonymous_6)
FN:109,(anonymous_7)
FNF:8
FNH:0
FNDA:0,fetchProfileViaRest
FNDA:0,(anonymous_1)
FNDA:0,(anonymous_2)
FNDA:0,(anonymous_3)
FNDA:0,(anonymous_4)
FNDA:0,(anonymous_5)
FNDA:0,(anonymous_6)
FNDA:0,(anonymous_7)
DA:47,0
DA:48,0
DA:49,0
DA:51,0
DA:61,0
DA:62,0
DA:63,0
DA:66,0
DA:68,0
DA:76,0
DA:79,0
DA:82,0
DA:83,0
DA:84,0
DA:85,0
DA:86,0
DA:87,0
DA:89,0
DA:90,0
DA:92,0
DA:93,0
DA:98,0
DA:99,0
DA:100,0
DA:106,0
DA:109,0
LF:26
LH:0
BRDA:49,0,0,0
BRDA:49,0,1,0
BRDA:49,1,0,0
BRDA:49,1,1,0
BRDA:61,2,0,0
BRDA:61,2,1,0
BRDA:63,3,0,0
BRDA:63,3,1,0
BRDA:63,4,0,0
BRDA:63,4,1,0
BRDA:76,5,0,0
BRDA:76,5,1,0
BRDA:84,6,0,0
BRDA:84,6,1,0
BRDA:85,7,0,0
BRDA:85,7,1,0
BRDA:92,8,0,0
BRDA:92,8,1,0
BRF:18
BRH:0
end_of_record
TN:
SF:lib/cameraFilters.ts
FNF:0
FNH:0
DA:63,0
DA:257,0
DA:268,0
LF:3
LH:0
BRF:0
BRH:0
end_of_record
TN:
SF:lib/cameraShaders.ts
FNF:0
FNH:0
DA:30,0
DA:53,0
DA:61,0
DA:81,0
DA:89,0
DA:118,0
DA:126,0
DA:166,0
DA:185,0
LF:9
LH:0
BRF:0
BRH:0
end_of_record
TN:
SF:lib/feedNavStore.ts
FN:13,(anonymous_0)
FN:16,(anonymous_1)
FNF:2
FNH:0
FNDA:0,(anonymous_0)
FNDA:0,(anonymous_1)
DA:13,0
DA:16,0
LF:2
LH:0
BRF:0
BRH:0
end_of_record
TN:
SF:lib/gifts.ts
FN:53,rarityFromCost
FN:61,isGiftActive
FN:232,(anonymous_2)
FN:239,(anonymous_3)
FN:245,formatCoins
FN:250,formatCoinsShort
FNF:6
FNH:6
FNDA:29,rarityFromCost
FNDA:6,isGiftActive
FNDA:10,(anonymous_2)
FNDA:10,(anonymous_3)
FNDA:6,formatCoins
FNDA:7,formatCoinsShort
DA:45,1
DA:54,29
DA:55,22
DA:56,16
DA:57,8
DA:62,6
DA:63,6
DA:64,5
DA:65,4
DA:110,1
DA:120,1
DA:232,1
DA:233,10
DA:238,1
DA:239,10
DA:246,6
DA:251,7
DA:252,5
DA:253,2
LF:19
LH:19
BRDA:54,0,0,7
BRDA:54,0,1,22
BRDA:55,1,0,6
BRDA:55,1,1,16
BRDA:56,2,0,8
BRDA:56,2,1,8
BRDA:61,3,0,1
BRDA:63,4,0,1
BRDA:63,4,1,5
BRDA:63,5,0,6
BRDA:63,5,1,2
BRDA:64,6,0,1
BRDA:64,6,1,4
BRDA:64,7,0,5
BRDA:64,7,1,2
BRDA:233,8,0,10
BRDA:233,8,1,0
BRDA:251,9,0,2
BRDA:251,9,1,5
BRDA:252,10,0,3
BRDA:252,10,1,2
BRF:21
BRH:20
end_of_record
TN:
SF:lib/guildNavStore.ts
FN:14,(anonymous_0)
FN:17,(anonymous_1)
FNF:2
FNH:0
FNDA:0,(anonymous_0)
FNDA:0,(anonymous_1)
DA:14,0
DA:17,0
LF:2
LH:0
BRF:0
BRH:0
end_of_record
TN:
SF:lib/liveModerationWords.ts
FN:71,normalizeText
FN:80,escapeRegExp
FN:94,compileWordRegex
FN:102,(anonymous_3)
FN:110,getHostRegex
FN:133,containsBlockedWord
FNF:6
FNH:6
FNDA:679,normalizeText
FNDA:335,escapeRegExp
FNDA:335,compileWordRegex
FNDA:28,(anonymous_3)
FNDA:311,getHostRegex
FNDA:33,containsBlockedWord
DA:21,1
DA:72,679
DA:81,335
DA:95,335
DA:96,335
DA:97,335
DA:101,1
DA:102,28
DA:107,1
DA:108,1
DA:111,311
DA:112,311
DA:113,311
DA:114,311
DA:115,307
DA:117,51
DA:118,51
DA:120,307
DA:121,307
DA:122,307
DA:134,33
DA:135,33
DA:138,28
DA:139,573
DA:143,17
DA:144,314
DA:145,311
DA:146,311
DA:149,12
LF:29
LH:29
BRDA:112,0,0,0
BRDA:112,0,1,311
BRDA:114,1,0,4
BRDA:114,1,1,307
BRDA:115,2,0,51
BRDA:115,2,1,256
BRDA:118,3,0,51
BRDA:118,3,1,0
BRDA:133,4,0,24
BRDA:135,5,0,5
BRDA:135,5,1,28
BRDA:139,6,0,11
BRDA:139,6,1,562
BRDA:144,7,0,3
BRDA:144,7,1,311
BRDA:146,8,0,5
BRDA:146,8,1,306
BRF:17
BRH:15
end_of_record
TN:
SF:lib/stickerLottie.ts
FN:23,makePulseCircleLottie
FN:88,makeStarLottie
FN:163,(anonymous_2)
FN:164,(anonymous_3)
FN:165,(anonymous_4)
FN:166,(anonymous_5)
FN:167,(anonymous_6)
FN:168,(anonymous_7)
FN:169,(anonymous_8)
FN:170,(anonymous_9)
FN:171,(anonymous_10)
FN:172,(anonymous_11)
FN:173,(anonymous_12)
FN:174,(anonymous_13)
FN:175,(anonymous_14)
FN:176,(anonymous_15)
FN:177,(anonymous_16)
FN:188,getStickerAnimation
FNF:18
FNH:0
FNDA:0,makePulseCircleLottie
FNDA:0,makeStarLottie
FNDA:0,(anonymous_2)
FNDA:0,(anonymous_3)
FNDA:0,(anonymous_4)
FNDA:0,(anonymous_5)
FNDA:0,(anonymous_6)
FNDA:0,(anonymous_7)
FNDA:0,(anonymous_8)
FNDA:0,(anonymous_9)
FNDA:0,(anonymous_10)
FNDA:0,(anonymous_11)
FNDA:0,(anonymous_12)
FNDA:0,(anonymous_13)
FNDA:0,(anonymous_14)
FNDA:0,(anonymous_15)
FNDA:0,(anonymous_16)
FNDA:0,getStickerAnimation
DA:24,0
DA:25,0
DA:89,0
DA:90,0
DA:162,0
DA:163,0
DA:164,0
DA:165,0
DA:166,0
DA:167,0
DA:168,0
DA:169,0
DA:170,0
DA:171,0
DA:172,0
DA:173,0
DA:174,0
DA:175,0
DA:176,0
DA:177,0
DA:181,0
DA:189,0
DA:191,0
DA:192,0
DA:193,0
DA:194,0
DA:197,0
DA:198,0
DA:199,0
DA:200,0
DA:201,0
DA:203,0
DA:204,0
DA:205,0
LF:34
LH:0
BRDA:23,0,0,0
BRDA:88,1,0,0
BRDA:189,2,0,0
BRDA:189,2,1,0
BRDA:192,3,0,0
BRDA:192,3,1,0
BRDA:203,4,0,0
BRDA:203,4,1,0
BRF:8
BRH:0
end_of_record
TN:
SF:lib/store.ts
FN:17,(anonymous_0)
FN:20,(anonymous_1)
FN:21,(anonymous_2)
FN:25,(anonymous_3)
FN:26,(anonymous_4)
FNF:5
FNH:0
FNDA:0,(anonymous_0)
FNDA:0,(anonymous_1)
FNDA:0,(anonymous_2)
FNDA:0,(anonymous_3)
FNDA:0,(anonymous_4)
DA:17,0
DA:20,0
DA:21,0
DA:26,0
LF:4
LH:0
BRF:0
BRH:0
end_of_record
TN:
SF:lib/storyViewerStore.ts
FN:13,(anonymous_0)
FN:17,(anonymous_1)
FN:18,(anonymous_2)
FN:19,(anonymous_3)
FNF:4
FNH:0
FNDA:0,(anonymous_0)
FNDA:0,(anonymous_1)
FNDA:0,(anonymous_2)
FNDA:0,(anonymous_3)
DA:13,0
DA:17,0
DA:18,0
DA:19,0
LF:4
LH:0
BRF:0
BRH:0
end_of_record
TN:
SF:lib/supabase.ts
FN:18,setLargeItem
FN:29,getLargeItem
FN:43,deleteLargeItem
FN:48,(anonymous_3)
FN:50,(anonymous_4)
FN:55,(anonymous_5)
FN:66,(anonymous_6)
FN:73,(anonymous_7)
FN:76,(anonymous_8)
FN:82,(anonymous_9)
FN:100,getSupabase
FN:135,(anonymous_11)
FNF:12
FNH:0
FNDA:0,setLargeItem
FNDA:0,getLargeItem
FNDA:0,deleteLargeItem
FNDA:0,(anonymous_3)
FNDA:0,(anonymous_4)
FNDA:0,(anonymous_5)
FNDA:0,(anonymous_6)
FNDA:0,(anonymous_7)
FNDA:0,(anonymous_8)
FNDA:0,(anonymous_9)
FNDA:0,getSupabase
FNDA:0,(anonymous_11)
DA:5,0
DA:6,0
DA:11,0
DA:16,0
DA:19,0
DA:20,0
DA:21,0
DA:22,0
DA:30,0
DA:31,0
DA:32,0
DA:33,0
DA:34,0
DA:35,0
DA:36,0
DA:37,0
DA:38,0
DA:40,0
DA:44,0
DA:45,0
DA:46,0
DA:47,0
DA:48,0
DA:50,0
DA:54,0
DA:56,0
DA:57,0
DA:60,0
DA:61,0
DA:64,0
DA:67,0
DA:68,0
DA:69,0
DA:71,0
DA:73,0
DA:74,0
DA:77,0
DA:78,0
DA:79,0
DA:81,0
DA:82,0
DA:83,0
DA:98,0
DA:101,0
DA:102,0
DA:105,0
DA:111,0
DA:120,0
DA:130,0
DA:134,0
DA:136,0
LF:51
LH:0
BRDA:5,0,0,0
BRDA:5,0,1,0
BRDA:6,1,0,0
BRDA:6,1,1,0
BRDA:31,2,0,0
BRDA:31,2,1,0
BRDA:33,3,0,0
BRDA:33,3,1,0
BRDA:33,4,0,0
BRDA:33,4,1,0
BRDA:37,5,0,0
BRDA:37,5,1,0
BRDA:45,6,0,0
BRDA:45,6,1,0
BRDA:56,7,0,0
BRDA:56,7,1,0
BRDA:60,8,0,0
BRDA:60,8,1,0
BRDA:67,9,0,0
BRDA:67,9,1,0
BRDA:77,10,0,0
BRDA:77,10,1,0
BRDA:101,11,0,0
BRDA:101,11,1,0
BRDA:102,12,0,0
BRDA:102,12,1,0
BRDA:102,13,0,0
BRDA:102,13,1,0
BRDA:105,14,0,0
BRDA:105,14,1,0
BRF:30
BRH:0
end_of_record
TN:
SF:lib/tabBarStore.ts
FN:111,(anonymous_0)
FN:114,(anonymous_1)
FN:115,(anonymous_2)
FN:119,(anonymous_3)
FN:121,(anonymous_4)
FNF:5
FNH:0
FNDA:0,(anonymous_0)
FNDA:0,(anonymous_1)
FNDA:0,(anonymous_2)
FNDA:0,(anonymous_3)
FNDA:0,(anonymous_4)
DA:41,0
DA:94,0
DA:109,0
DA:111,0
DA:114,0
DA:115,0
DA:119,0
DA:123,0
DA:124,0
DA:126,0
DA:143,0
DA:146,0
DA:149,0
LF:13
LH:0
BRDA:123,0,0,0
BRDA:123,0,1,0
BRF:2
BRH:0
end_of_record
TN:
SF:lib/theme.ts
FNF:0
FNH:0
DA:62,0
DA:105,0
LF:2
LH:0
BRF:0
BRH:0
end_of_record
TN:
SF:lib/themeStore.ts
FN:29,resolveColors
FN:42,(anonymous_1)
FN:48,(anonymous_2)
FN:54,(anonymous_3)
FN:62,(anonymous_4)
FN:64,(anonymous_5)
FNF:6
FNH:0
FNDA:0,resolveColors
FNDA:0,(anonymous_1)
FNDA:0,(anonymous_2)
FNDA:0,(anonymous_3)
FNDA:0,(anonymous_4)
FNDA:0,(anonymous_5)
DA:33,0
DA:34,0
DA:40,0
DA:42,0
DA:49,0
DA:50,0
DA:51,0
DA:55,0
DA:56,0
DA:57,0
DA:62,0
DA:64,0
LF:12
LH:0
BRDA:33,0,0,0
BRDA:33,0,1,0
BRDA:36,1,0,0
BRDA:36,1,1,0
BRF:4
BRH:0
end_of_record
TN:
SF:lib/uploadMedia.ts
FN:18,mimeToExt
FN:29,isVideo
FN:43,normalizeMime
FN:48,withRetry
FN:62,(anonymous_4)
FN:84,uploadToR2
FN:119,(anonymous_6)
FN:130,(anonymous_7)
FN:139,(anonymous_8)
FN:146,(anonymous_9)
FN:155,(anonymous_10)
FN:160,(anonymous_11)
FN:178,uploadPostMedia
FN:196,uploadThumbnail
FN:218,generateAndUploadThumbnail
FN:246,uploadAvatar
FN:261,uploadVoiceSample
FNF:17
FNH:0
FNDA:0,mimeToExt
FNDA:0,isVideo
FNDA:0,normalizeMime
FNDA:0,withRetry
FNDA:0,(anonymous_4)
FNDA:0,uploadToR2
FNDA:0,(anonymous_6)
FNDA:0,(anonymous_7)
FNDA:0,(anonymous_8)
FNDA:0,(anonymous_9)
FNDA:0,(anonymous_10)
FNDA:0,(anonymous_11)
FNDA:0,uploadPostMedia
FNDA:0,uploadThumbnail
FNDA:0,generateAndUploadThumbnail
FNDA:0,uploadAvatar
FNDA:0,uploadVoiceSample
DA:14,0
DA:15,0
DA:19,0
DA:20,0
DA:21,0
DA:22,0
DA:23,0
DA:24,0
DA:25,0
DA:26,0
DA:30,0
DA:44,0
DA:53,0
DA:54,0
DA:55,0
DA:56,0
DA:58,0
DA:59,0
DA:60,0
DA:62,0
DA:66,0
DA:91,0
DA:93,0
DA:94,0
DA:98,0
DA:101,0
DA:102,0
DA:103,0
DA:105,0
DA:107,0
DA:108,0
DA:109,0
DA:110,0
DA:111,0
DA:115,0
DA:118,0
DA:120,0
DA:121,0
DA:124,0
DA:125,0
DA:127,0
DA:131,0
DA:132,0
DA:135,0
DA:138,0
DA:139,0
DA:140,0
DA:141,0
DA:144,0
DA:145,0
DA:147,0
DA:148,0
DA:154,0
DA:155,0
DA:156,0
DA:161,0
DA:162,0
DA:163,0
DA:167,0
DA:170,0
DA:171,0
DA:185,0
DA:186,0
DA:187,0
DA:188,0
DA:189,0
DA:201,0
DA:202,0
DA:203,0
DA:223,0
DA:225,0
DA:226,0
DA:231,0
DA:233,0
DA:234,0
DA:237,0
DA:238,0
DA:252,0
DA:253,0
DA:267,0
DA:271,0
DA:272,0
DA:273,0
LF:83
LH:0
BRDA:19,0,0,0
BRDA:19,0,1,0
BRDA:20,1,0,0
BRDA:20,1,1,0
BRDA:21,2,0,0
BRDA:21,2,1,0
BRDA:22,3,0,0
BRDA:22,3,1,0
BRDA:23,4,0,0
BRDA:23,4,1,0
BRDA:24,5,0,0
BRDA:24,5,1,0
BRDA:25,6,0,0
BRDA:25,6,1,0
BRDA:31,7,0,0
BRDA:31,7,1,0
BRDA:31,7,2,0
BRDA:31,7,3,0
BRDA:44,8,0,0
BRDA:44,8,1,0
BRDA:50,9,0,0
BRDA:58,10,0,0
BRDA:58,10,1,0
BRDA:59,11,0,0
BRDA:59,11,1,0
BRDA:93,12,0,0
BRDA:93,12,1,0
BRDA:102,13,0,0
BRDA:102,13,1,0
BRDA:107,14,0,0
BRDA:107,14,1,0
BRDA:108,15,0,0
BRDA:108,15,1,0
BRDA:112,16,0,0
BRDA:112,16,1,0
BRDA:120,17,0,0
BRDA:120,17,1,0
BRDA:124,18,0,0
BRDA:124,18,1,0
BRDA:124,19,0,0
BRDA:124,19,1,0
BRDA:125,20,0,0
BRDA:125,20,1,0
BRDA:132,21,0,0
BRDA:132,21,1,0
BRDA:147,22,0,0
BRDA:147,22,1,0
BRDA:154,23,0,0
BRDA:154,23,1,0
BRDA:163,24,0,0
BRDA:163,24,1,0
BRDA:187,25,0,0
BRDA:187,25,1,0
BRDA:231,26,0,0
BRDA:231,26,1,0
BRDA:237,27,0,0
BRDA:237,27,1,0
BRDA:267,28,0,0
BRDA:267,28,1,0
BRDA:268,29,0,0
BRDA:268,29,1,0
BRDA:269,30,0,0
BRDA:269,30,1,0
BRF:63
BRH:0
end_of_record
TN:
SF:lib/useARCamera.ts
FNF:0
FNH:0
LF:0
LH:0
BRF:0
BRH:0
end_of_record
TN:
SF:lib/useAdmin.ts
FN:23,useAdminStats
FN:27,(anonymous_1)
FN:50,useAdminUsers
FN:55,(anonymous_3)
FN:69,useAdminBanUser
FN:72,(anonymous_5)
FN:79,(anonymous_6)
FN:83,useAdminVerifyUser
FN:86,(anonymous_8)
FN:93,(anonymous_9)
FN:97,useAdminToggleAdmin
FN:100,(anonymous_11)
FN:107,(anonymous_12)
FN:125,useAdminReports
FN:129,(anonymous_14)
FN:143,useAdminResolveReport
FN:146,(anonymous_16)
FN:164,(anonymous_17)
FN:183,useAdminOrders
FN:187,(anonymous_19)
FN:204,useAdminUpdateOrderStatus
FN:207,(anonymous_21)
FN:218,(anonymous_22)
FN:232,useAdminSellerBalances
FN:236,(anonymous_24)
FNF:25
FNH:0
FNDA:0,useAdminStats
FNDA:0,(anonymous_1)
FNDA:0,useAdminUsers
FNDA:0,(anonymous_3)
FNDA:0,useAdminBanUser
FNDA:0,(anonymous_5)
FNDA:0,(anonymous_6)
FNDA:0,useAdminVerifyUser
FNDA:0,(anonymous_8)
FNDA:0,(anonymous_9)
FNDA:0,useAdminToggleAdmin
FNDA:0,(anonymous_11)
FNDA:0,(anonymous_12)
FNDA:0,useAdminReports
FNDA:0,(anonymous_14)
FNDA:0,useAdminResolveReport
FNDA:0,(anonymous_16)
FNDA:0,(anonymous_17)
FNDA:0,useAdminOrders
FNDA:0,(anonymous_19)
FNDA:0,useAdminUpdateOrderStatus
FNDA:0,(anonymous_21)
FNDA:0,(anonymous_22)
FNDA:0,useAdminSellerBalances
FNDA:0,(anonymous_24)
DA:24,0
DA:28,0
DA:29,0
DA:30,0
DA:51,0
DA:56,0
DA:61,0
DA:62,0
DA:70,0
DA:71,0
DA:73,0
DA:77,0
DA:79,0
DA:84,0
DA:85,0
DA:87,0
DA:91,0
DA:93,0
DA:98,0
DA:99,0
DA:101,0
DA:105,0
DA:107,0
DA:126,0
DA:130,0
DA:135,0
DA:136,0
DA:137,0
DA:138,0
DA:144,0
DA:145,0
DA:152,0
DA:153,0
DA:162,0
DA:164,0
DA:184,0
DA:188,0
DA:198,0
DA:199,0
DA:205,0
DA:206,0
DA:212,0
DA:216,0
DA:218,0
DA:233,0
DA:238,0
DA:239,0
DA:241,0
DA:242,0
DA:244,0
LF:50
LH:0
BRDA:29,0,0,0
BRDA:29,0,1,0
BRDA:57,1,0,0
BRDA:57,1,1,0
BRDA:61,2,0,0
BRDA:61,2,1,0
BRDA:62,3,0,0
BRDA:62,3,1,0
BRDA:77,4,0,0
BRDA:77,4,1,0
BRDA:91,5,0,0
BRDA:91,5,1,0
BRDA:105,6,0,0
BRDA:105,6,1,0
BRDA:135,7,0,0
BRDA:135,7,1,0
BRDA:137,8,0,0
BRDA:137,8,1,0
BRDA:138,9,0,0
BRDA:138,9,1,0
BRDA:157,10,0,0
BRDA:157,10,1,0
BRDA:159,11,0,0
BRDA:159,11,1,0
BRDA:162,12,0,0
BRDA:162,12,1,0
BRDA:198,13,0,0
BRDA:198,13,1,0
BRDA:199,14,0,0
BRDA:199,14,1,0
BRDA:214,15,0,0
BRDA:214,15,1,0
BRDA:216,16,0,0
BRDA:216,16,1,0
BRDA:239,17,0,0
BRDA:239,17,1,0
BRDA:241,18,0,0
BRDA:241,18,1,0
BRDA:244,19,0,0
BRDA:244,19,1,0
BRF:40
BRH:0
end_of_record
TN:
SF:lib/useAnalytics.ts
FN:54,calcDelta
FN:60,useCreatorOverview
FN:65,(anonymous_2)
FN:100,useCreatorTopPosts
FN:109,(anonymous_4)
FN:117,(anonymous_5)
FN:134,useFollowerGrowth
FN:139,(anonymous_7)
FN:143,(anonymous_8)
FN:152,fmtNum
FN:159,formatDelta
FN:186,useCreatorEarnings
FN:191,(anonymous_12)
FN:210,useCreatorGiftHistory
FN:215,(anonymous_14)
FN:219,(anonymous_15)
FN:248,useCreatorEngagementHours
FN:253,(anonymous_17)
FN:257,(anonymous_18)
FN:277,useCreatorWatchTime
FN:282,(anonymous_20)
FN:297,fmtDuration
FNF:22
FNH:0
FNDA:0,calcDelta
FNDA:0,useCreatorOverview
FNDA:0,(anonymous_2)
FNDA:0,useCreatorTopPosts
FNDA:0,(anonymous_4)
FNDA:0,(anonymous_5)
FNDA:0,useFollowerGrowth
FNDA:0,(anonymous_7)
FNDA:0,(anonymous_8)
FNDA:0,fmtNum
FNDA:0,formatDelta
FNDA:0,useCreatorEarnings
FNDA:0,(anonymous_12)
FNDA:0,useCreatorGiftHistory
FNDA:0,(anonymous_14)
FNDA:0,(anonymous_15)
FNDA:0,useCreatorEngagementHours
FNDA:0,(anonymous_17)
FNDA:0,(anonymous_18)
FNDA:0,useCreatorWatchTime
FNDA:0,(anonymous_20)
FNDA:0,fmtDuration
DA:55,0
DA:56,0
DA:61,0
DA:66,0
DA:68,0
DA:69,0
DA:70,0
DA:71,0
DA:72,0
DA:73,0
DA:74,0
DA:75,0
DA:76,0
DA:77,0
DA:78,0
DA:79,0
DA:105,0
DA:110,0
DA:116,0
DA:117,0
DA:135,0
DA:140,0
DA:142,0
DA:143,0
DA:153,0
DA:154,0
DA:155,0
DA:160,0
DA:161,0
DA:162,0
DA:187,0
DA:192,0
DA:194,0
DA:195,0
DA:196,0
DA:211,0
DA:216,0
DA:218,0
DA:219,0
DA:249,0
DA:254,0
DA:256,0
DA:257,0
DA:278,0
DA:283,0
DA:285,0
DA:286,0
DA:287,0
DA:298,0
DA:299,0
DA:300,0
DA:301,0
LF:52
LH:0
BRDA:55,0,0,0
BRDA:55,0,1,0
BRDA:60,1,0,0
BRDA:68,2,0,0
BRDA:68,2,1,0
BRDA:69,3,0,0
BRDA:69,3,1,0
BRDA:70,4,0,0
BRDA:70,4,1,0
BRDA:71,5,0,0
BRDA:71,5,1,0
BRDA:72,6,0,0
BRDA:72,6,1,0
BRDA:73,7,0,0
BRDA:73,7,1,0
BRDA:74,8,0,0
BRDA:74,8,1,0
BRDA:75,9,0,0
BRDA:75,9,1,0
BRDA:76,10,0,0
BRDA:76,10,1,0
BRDA:77,11,0,0
BRDA:77,11,1,0
BRDA:78,12,0,0
BRDA:78,12,1,0
BRDA:89,13,0,0
BRDA:89,13,1,0
BRDA:102,14,0,0
BRDA:103,15,0,0
BRDA:116,16,0,0
BRDA:116,16,1,0
BRDA:117,17,0,0
BRDA:117,17,1,0
BRDA:119,18,0,0
BRDA:119,18,1,0
BRDA:120,19,0,0
BRDA:120,19,1,0
BRDA:121,20,0,0
BRDA:121,20,1,0
BRDA:122,21,0,0
BRDA:122,21,1,0
BRDA:123,22,0,0
BRDA:123,22,1,0
BRDA:124,23,0,0
BRDA:124,23,1,0
BRDA:125,24,0,0
BRDA:125,24,1,0
BRDA:127,25,0,0
BRDA:127,25,1,0
BRDA:134,26,0,0
BRDA:142,27,0,0
BRDA:142,27,1,0
BRDA:143,28,0,0
BRDA:143,28,1,0
BRDA:145,29,0,0
BRDA:145,29,1,0
BRDA:153,30,0,0
BRDA:153,30,1,0
BRDA:154,31,0,0
BRDA:154,31,1,0
BRDA:160,32,0,0
BRDA:160,32,1,0
BRDA:162,33,0,0
BRDA:162,33,1,0
BRDA:186,34,0,0
BRDA:194,35,0,0
BRDA:194,35,1,0
BRDA:195,36,0,0
BRDA:195,36,1,0
BRDA:197,37,0,0
BRDA:197,37,1,0
BRDA:198,38,0,0
BRDA:198,38,1,0
BRDA:199,39,0,0
BRDA:199,39,1,0
BRDA:200,40,0,0
BRDA:200,40,1,0
BRDA:201,41,0,0
BRDA:201,41,1,0
BRDA:202,42,0,0
BRDA:202,42,1,0
BRDA:203,43,0,0
BRDA:203,43,1,0
BRDA:210,44,0,0
BRDA:218,45,0,0
BRDA:218,45,1,0
BRDA:219,46,0,0
BRDA:219,46,1,0
BRDA:220,47,0,0
BRDA:220,47,1,0
BRDA:221,48,0,0
BRDA:221,48,1,0
BRDA:222,49,0,0
BRDA:222,49,1,0
BRDA:223,50,0,0
BRDA:223,50,1,0
BRDA:224,51,0,0
BRDA:224,51,1,0
BRDA:225,52,0,0
BRDA:225,52,1,0
BRDA:248,53,0,0
BRDA:256,54,0,0
BRDA:256,54,1,0
BRDA:257,55,0,0
BRDA:257,55,1,0
BRDA:258,56,0,0
BRDA:258,56,1,0
BRDA:259,57,0,0
BRDA:259,57,1,0
BRDA:260,58,0,0
BRDA:260,58,1,0
BRDA:277,59,0,0
BRDA:285,60,0,0
BRDA:285,60,1,0
BRDA:286,61,0,0
BRDA:286,61,1,0
BRDA:288,62,0,0
BRDA:288,62,1,0
BRDA:289,63,0,0
BRDA:289,63,1,0
BRDA:290,64,0,0
BRDA:290,64,1,0
BRDA:298,65,0,0
BRDA:298,65,1,0
BRDA:299,66,0,0
BRDA:299,66,1,0
BRDA:300,67,0,0
BRDA:300,67,1,0
BRF:128
BRH:0
end_of_record
TN:
SF:lib/useAppleSignIn.ts
FN:15,appleSignIn
FN:87,isAppleSignInAvailable
FNF:2
FNH:0
FNDA:0,appleSignIn
FNDA:0,isAppleSignInAvailable
DA:16,0
DA:18,0
DA:19,0
DA:26,0
DA:27,0
DA:30,0
DA:35,0
DA:38,0
DA:39,0
DA:40,0
DA:45,0
DA:47,0
DA:54,0
DA:60,0
DA:61,0
DA:72,0
DA:74,0
DA:79,0
DA:81,0
DA:82,0
DA:88,0
DA:89,0
DA:90,0
DA:92,0
LF:24
LH:0
BRDA:16,0,0,0
BRDA:16,0,1,0
BRDA:27,1,0,0
BRDA:27,1,1,0
BRDA:35,2,0,0
BRDA:35,2,1,0
BRDA:39,3,0,0
BRDA:39,3,1,0
BRDA:39,4,0,0
BRDA:39,4,1,0
BRDA:39,4,2,0
BRDA:45,5,0,0
BRDA:45,5,1,0
BRDA:60,6,0,0
BRDA:60,6,1,0
BRDA:60,7,0,0
BRDA:60,7,1,0
BRDA:65,8,0,0
BRDA:65,8,1,0
BRDA:74,9,0,0
BRDA:74,9,1,0
BRDA:75,10,0,0
BRDA:75,10,1,0
BRDA:75,10,2,0
BRDA:81,11,0,0
BRDA:81,11,1,0
BRDA:88,12,0,0
BRDA:88,12,1,0
BRF:28
BRH:0
end_of_record
TN:
SF:lib/useBattle.ts
FN:42,(anonymous_0)
FN:45,calcFraction
FN:61,useBattle
FN:87,(anonymous_3)
FN:90,(anonymous_4)
FN:98,(anonymous_5)
FN:108,(anonymous_6)
FN:118,(anonymous_7)
FN:148,(anonymous_8)
FN:162,(anonymous_9)
FN:173,(anonymous_10)
FN:175,(anonymous_11)
FN:184,(anonymous_12)
FN:201,(anonymous_13)
FN:226,(anonymous_14)
FN:230,(anonymous_15)
FN:237,(anonymous_16)
FN:240,(anonymous_17)
FN:242,(anonymous_18)
FN:246,(anonymous_19)
FN:252,(anonymous_20)
FN:260,(anonymous_21)
FN:272,(anonymous_22)
FNF:23
FNH:0
FNDA:0,(anonymous_0)
FNDA:0,calcFraction
FNDA:0,useBattle
FNDA:0,(anonymous_3)
FNDA:0,(anonymous_4)
FNDA:0,(anonymous_5)
FNDA:0,(anonymous_6)
FNDA:0,(anonymous_7)
FNDA:0,(anonymous_8)
FNDA:0,(anonymous_9)
FNDA:0,(anonymous_10)
FNDA:0,(anonymous_11)
FNDA:0,(anonymous_12)
FNDA:0,(anonymous_13)
FNDA:0,(anonymous_14)
FNDA:0,(anonymous_15)
FNDA:0,(anonymous_16)
FNDA:0,(anonymous_17)
FNDA:0,(anonymous_18)
FNDA:0,(anonymous_19)
FNDA:0,(anonymous_20)
FNDA:0,(anonymous_21)
FNDA:0,(anonymous_22)
DA:42,0
DA:46,0
DA:47,0
DA:48,0
DA:69,0
DA:71,0
DA:81,0
DA:82,0
DA:83,0
DA:84,0
DA:85,0
DA:87,0
DA:90,0
DA:91,0
DA:92,0
DA:94,0
DA:96,0
DA:97,0
DA:98,0
DA:108,0
DA:109,0
DA:110,0
DA:111,0
DA:114,0
DA:115,0
DA:116,0
DA:118,0
DA:128,0
DA:129,0
DA:138,0
DA:139,0
DA:140,0
DA:149,0
DA:150,0
DA:159,0
DA:162,0
DA:163,0
DA:164,0
DA:167,0
DA:173,0
DA:174,0
DA:175,0
DA:177,0
DA:178,0
DA:184,0
DA:185,0
DA:186,0
DA:191,0
DA:197,0
DA:201,0
DA:202,0
DA:207,0
DA:208,0
DA:209,0
DA:210,0
DA:220,0
DA:227,0
DA:228,0
DA:232,0
DA:233,0
DA:234,0
DA:235,0
DA:236,0
DA:237,0
DA:240,0
DA:241,0
DA:242,0
DA:243,0
DA:247,0
DA:248,0
DA:249,0
DA:250,0
DA:252,0
DA:256,0
DA:258,0
DA:260,0
DA:261,0
DA:262,0
DA:263,0
DA:269,0
DA:272,0
LF:81
LH:0
BRDA:47,0,0,0
BRDA:47,0,1,0
BRDA:63,1,0,0
BRDA:64,2,0,0
BRDA:67,3,0,0
BRDA:91,4,0,0
BRDA:91,4,1,0
BRDA:108,5,0,0
BRDA:109,6,0,0
BRDA:109,6,1,0
BRDA:116,7,0,0
BRDA:116,7,1,0
BRDA:116,8,0,0
BRDA:116,8,1,0
BRDA:128,9,0,0
BRDA:128,9,1,0
BRDA:128,10,0,0
BRDA:128,10,1,0
BRDA:138,11,0,0
BRDA:138,11,1,0
BRDA:138,12,0,0
BRDA:138,12,1,0
BRDA:149,13,0,0
BRDA:149,13,1,0
BRDA:150,14,0,0
BRDA:150,14,1,0
BRDA:163,15,0,0
BRDA:163,15,1,0
BRDA:177,16,0,0
BRDA:177,16,1,0
BRDA:185,17,0,0
BRDA:185,17,1,0
BRDA:185,18,0,0
BRDA:185,18,1,0
BRDA:185,18,2,0
BRDA:202,19,0,0
BRDA:202,19,1,0
BRDA:232,20,0,0
BRDA:232,20,1,0
BRDA:243,21,0,0
BRDA:243,21,1,0
BRDA:248,22,0,0
BRDA:248,22,1,0
BRDA:258,23,0,0
BRDA:258,23,1,0
BRDA:261,24,0,0
BRDA:261,24,1,0
BRF:47
BRH:0
end_of_record
TN:
SF:lib/useBattleStats.ts
FN:30,useBattleStats
FN:35,(anonymous_1)
FN:84,useBattleHistory
FN:89,(anonymous_3)
FN:110,(anonymous_4)
FNF:5
FNH:0
FNDA:0,useBattleStats
FNDA:0,(anonymous_1)
FNDA:0,useBattleHistory
FNDA:0,(anonymous_3)
FNDA:0,(anonymous_4)
DA:26,0
DA:31,0
DA:36,0
DA:38,0
DA:44,0
DA:45,0
DA:46,0
DA:48,0
DA:50,0
DA:51,0
DA:52,0
DA:53,0
DA:55,0
DA:85,0
DA:90,0
DA:93,0
DA:105,0
DA:106,0
DA:107,0
DA:110,0
DA:111,0
DA:112,0
DA:113,0
DA:114,0
DA:115,0
DA:117,0
DA:122,0
LF:27
LH:0
BRDA:36,0,0,0
BRDA:36,0,1,0
BRDA:44,1,0,0
BRDA:44,1,1,0
BRDA:45,2,0,0
BRDA:45,2,1,0
BRDA:48,3,0,0
BRDA:48,3,1,0
BRDA:50,4,0,0
BRDA:50,4,1,0
BRDA:51,5,0,0
BRDA:51,5,1,0
BRDA:52,6,0,0
BRDA:52,6,1,0
BRDA:53,7,0,0
BRDA:53,7,1,0
BRDA:60,8,0,0
BRDA:60,8,1,0
BRDA:84,9,0,0
BRDA:90,10,0,0
BRDA:90,10,1,0
BRDA:105,11,0,0
BRDA:105,11,1,0
BRDA:106,12,0,0
BRDA:106,12,1,0
BRDA:110,13,0,0
BRDA:110,13,1,0
BRDA:112,14,0,0
BRDA:112,14,1,0
BRDA:113,15,0,0
BRDA:113,15,1,0
BRDA:114,16,0,0
BRDA:114,16,1,0
BRDA:117,17,0,0
BRDA:117,17,1,0
BRDA:118,18,0,0
BRDA:118,18,1,0
BRDA:118,19,0,0
BRDA:118,19,1,0
BRDA:118,19,2,0
BRDA:118,19,3,0
BRDA:125,20,0,0
BRDA:125,20,1,0
BRDA:126,21,0,0
BRDA:126,21,1,0
BRDA:127,22,0,0
BRDA:127,22,1,0
BRF:47
BRH:0
end_of_record
TN:
SF:lib/useBlock.ts
FN:6,useIsBlocked
FN:7,(anonymous_1)
FN:11,(anonymous_2)
FN:27,useBlockUser
FN:29,(anonymous_4)
FN:32,(anonymous_5)
FN:36,(anonymous_6)
FN:42,(anonymous_7)
FN:46,(anonymous_8)
FN:61,useBlockedUsers
FN:62,(anonymous_10)
FN:66,(anonymous_11)
FN:74,(anonymous_12)
FNF:13
FNH:0
FNDA:0,useIsBlocked
FNDA:0,(anonymous_1)
FNDA:0,(anonymous_2)
FNDA:0,useBlockUser
FNDA:0,(anonymous_4)
FNDA:0,(anonymous_5)
FNDA:0,(anonymous_6)
FNDA:0,(anonymous_7)
FNDA:0,(anonymous_8)
FNDA:0,useBlockedUsers
FNDA:0,(anonymous_10)
FNDA:0,(anonymous_11)
FNDA:0,(anonymous_12)
DA:7,0
DA:9,0
DA:12,0
DA:13,0
DA:19,0
DA:28,0
DA:29,0
DA:31,0
DA:33,0
DA:34,0
DA:37,0
DA:41,0
DA:43,0
DA:44,0
DA:47,0
DA:51,0
DA:62,0
DA:64,0
DA:67,0
DA:68,0
DA:73,0
DA:74,0
LF:22
LH:0
BRDA:12,0,0,0
BRDA:12,0,1,0
BRDA:12,1,0,0
BRDA:12,1,1,0
BRDA:21,2,0,0
BRDA:21,2,1,0
BRDA:21,2,2,0
BRDA:33,3,0,0
BRDA:33,3,1,0
BRDA:43,4,0,0
BRDA:43,4,1,0
BRDA:67,5,0,0
BRDA:67,5,1,0
BRDA:73,6,0,0
BRDA:73,6,1,0
BRDA:74,7,0,0
BRDA:74,7,1,0
BRF:17
BRH:0
end_of_record
TN:
SF:lib/useBookmark.ts
FN:6,useBookmark
FN:8,(anonymous_1)
FN:13,(anonymous_2)
FN:29,(anonymous_3)
FN:36,(anonymous_4)
FN:40,(anonymous_5)
FN:50,(anonymous_6)
FN:64,(anonymous_7)
FN:68,(anonymous_8)
FN:77,(anonymous_9)
FN:88,(anonymous_10)
FN:108,useBookmarkedPosts
FN:109,(anonymous_12)
FN:113,(anonymous_13)
FN:121,(anonymous_14)
FNF:15
FNH:0
FNDA:0,useBookmark
FNDA:0,(anonymous_1)
FNDA:0,(anonymous_2)
FNDA:0,(anonymous_3)
FNDA:0,(anonymous_4)
FNDA:0,(anonymous_5)
FNDA:0,(anonymous_6)
FNDA:0,(anonymous_7)
FNDA:0,(anonymous_8)
FNDA:0,(anonymous_9)
FNDA:0,(anonymous_10)
FNDA:0,useBookmarkedPosts
FNDA:0,(anonymous_12)
FNDA:0,(anonymous_13)
FNDA:0,(anonymous_14)
DA:7,0
DA:8,0
DA:9,0
DA:11,0
DA:14,0
DA:15,0
DA:21,0
DA:27,0
DA:29,0
DA:30,0
DA:31,0
DA:32,0
DA:35,0
DA:37,0
DA:38,0
DA:41,0
DA:42,0
DA:48,0
DA:51,0
DA:53,0
DA:54,0
DA:55,0
DA:57,0
DA:63,0
DA:65,0
DA:66,0
DA:69,0
DA:70,0
DA:75,0
DA:78,0
DA:79,0
DA:80,0
DA:82,0
DA:88,0
DA:89,0
DA:90,0
DA:91,0
DA:93,0
DA:94,0
DA:97,0
DA:109,0
DA:111,0
DA:114,0
DA:115,0
DA:120,0
DA:121,0
LF:46
LH:0
BRDA:11,0,0,0
BRDA:14,1,0,0
BRDA:14,1,1,0
BRDA:23,2,0,0
BRDA:23,2,1,0
BRDA:27,3,0,0
BRDA:27,3,1,0
BRDA:41,4,0,0
BRDA:41,4,1,0
BRDA:48,5,0,0
BRDA:48,5,1,0
BRDA:53,6,0,0
BRDA:53,6,1,0
BRDA:53,7,0,0
BRDA:53,7,1,0
BRDA:54,8,0,0
BRDA:54,8,1,0
BRDA:54,9,0,0
BRDA:54,9,1,0
BRDA:57,10,0,0
BRDA:57,10,1,0
BRDA:69,11,0,0
BRDA:69,11,1,0
BRDA:75,12,0,0
BRDA:75,12,1,0
BRDA:79,13,0,0
BRDA:79,13,1,0
BRDA:79,14,0,0
BRDA:79,14,1,0
BRDA:82,15,0,0
BRDA:82,15,1,0
BRDA:89,16,0,0
BRDA:89,16,1,0
BRDA:93,17,0,0
BRDA:93,17,1,0
BRDA:97,18,0,0
BRDA:97,18,1,0
BRDA:114,19,0,0
BRDA:114,19,1,0
BRDA:120,20,0,0
BRDA:120,20,1,0
BRDA:121,21,0,0
BRDA:121,21,1,0
BRF:43
BRH:0
end_of_record
TN:
SF:lib/useCoHost.ts
FN:34,sendWithRetry
FN:49,(anonymous_1)
FN:92,useCoHostViewer
FN:119,(anonymous_3)
FN:124,(anonymous_4)
FN:132,(anonymous_5)
FN:139,(anonymous_6)
FN:142,(anonymous_7)
FN:144,(anonymous_8)
FN:150,(anonymous_9)
FN:159,(anonymous_10)
FN:171,(anonymous_11)
FN:186,(anonymous_12)
FN:188,(anonymous_13)
FN:194,(anonymous_14)
FN:208,(anonymous_15)
FN:227,(anonymous_16)
FN:229,(anonymous_17)
FN:235,(anonymous_18)
FN:252,(anonymous_19)
FN:255,(anonymous_20)
FN:267,(anonymous_21)
FN:280,(anonymous_22)
FN:282,(anonymous_23)
FN:305,useCoHostHost
FN:329,(anonymous_25)
FN:332,(anonymous_26)
FN:334,(anonymous_27)
FN:339,(anonymous_28)
FN:352,(anonymous_29)
FN:356,(anonymous_30)
FN:362,(anonymous_31)
FN:374,(anonymous_32)
FN:374,(anonymous_33)
FN:379,(anonymous_34)
FN:388,(anonymous_35)
FN:407,(anonymous_36)
FN:407,(anonymous_37)
FN:415,(anonymous_38)
FN:421,(anonymous_39)
FN:421,(anonymous_40)
FN:426,(anonymous_41)
FN:462,(anonymous_42)
FN:486,(anonymous_43)
FN:493,(anonymous_44)
FN:515,(anonymous_45)
FN:548,(anonymous_46)
FN:555,(anonymous_47)
FN:580,(anonymous_48)
FN:581,(anonymous_49)
FN:586,(anonymous_50)
FN:594,(anonymous_51)
FN:596,(anonymous_52)
FN:603,(anonymous_53)
FN:605,(anonymous_54)
FN:658,useLiveCoHosts
FN:666,(anonymous_56)
FN:676,(anonymous_57)
FN:693,(anonymous_58)
FN:703,(anonymous_59)
FN:721,(anonymous_60)
FN:727,(anonymous_61)
FNF:62
FNH:0
FNDA:0,sendWithRetry
FNDA:0,(anonymous_1)
FNDA:0,useCoHostViewer
FNDA:0,(anonymous_3)
FNDA:0,(anonymous_4)
FNDA:0,(anonymous_5)
FNDA:0,(anonymous_6)
FNDA:0,(anonymous_7)
FNDA:0,(anonymous_8)
FNDA:0,(anonymous_9)
FNDA:0,(anonymous_10)
FNDA:0,(anonymous_11)
FNDA:0,(anonymous_12)
FNDA:0,(anonymous_13)
FNDA:0,(anonymous_14)
FNDA:0,(anonymous_15)
FNDA:0,(anonymous_16)
FNDA:0,(anonymous_17)
FNDA:0,(anonymous_18)
FNDA:0,(anonymous_19)
FNDA:0,(anonymous_20)
FNDA:0,(anonymous_21)
FNDA:0,(anonymous_22)
FNDA:0,(anonymous_23)
FNDA:0,useCoHostHost
FNDA:0,(anonymous_25)
FNDA:0,(anonymous_26)
FNDA:0,(anonymous_27)
FNDA:0,(anonymous_28)
FNDA:0,(anonymous_29)
FNDA:0,(anonymous_30)
FNDA:0,(anonymous_31)
FNDA:0,(anonymous_32)
FNDA:0,(anonymous_33)
FNDA:0,(anonymous_34)
FNDA:0,(anonymous_35)
FNDA:0,(anonymous_36)
FNDA:0,(anonymous_37)
FNDA:0,(anonymous_38)
FNDA:0,(anonymous_39)
FNDA:0,(anonymous_40)
FNDA:0,(anonymous_41)
FNDA:0,(anonymous_42)
FNDA:0,(anonymous_43)
FNDA:0,(anonymous_44)
FNDA:0,(anonymous_45)
FNDA:0,(anonymous_46)
FNDA:0,(anonymous_47)
FNDA:0,(anonymous_48)
FNDA:0,(anonymous_49)
FNDA:0,(anonymous_50)
FNDA:0,(anonymous_51)
FNDA:0,(anonymous_52)
FNDA:0,(anonymous_53)
FNDA:0,(anonymous_54)
FNDA:0,useLiveCoHosts
FNDA:0,(anonymous_56)
FNDA:0,(anonymous_57)
FNDA:0,(anonymous_58)
FNDA:0,(anonymous_59)
FNDA:0,(anonymous_60)
FNDA:0,(anonymous_61)
DA:39,0
DA:40,0
DA:41,0
DA:43,0
DA:44,0
DA:45,0
DA:47,0
DA:49,0
DA:51,0
DA:96,0
DA:97,0
DA:99,0
DA:101,0
DA:104,0
DA:105,0
DA:108,0
DA:109,0
DA:111,0
DA:118,0
DA:119,0
DA:120,0
DA:122,0
DA:125,0
DA:126,0
DA:128,0
DA:129,0
DA:130,0
DA:133,0
DA:134,0
DA:135,0
DA:137,0
DA:138,0
DA:139,0
DA:142,0
DA:146,0
DA:147,0
DA:148,0
DA:153,0
DA:154,0
DA:155,0
DA:156,0
DA:162,0
DA:167,0
DA:168,0
DA:169,0
DA:174,0
DA:179,0
DA:180,0
DA:181,0
DA:182,0
DA:183,0
DA:184,0
DA:186,0
DA:187,0
DA:188,0
DA:193,0
DA:194,0
DA:196,0
DA:197,0
DA:198,0
DA:200,0
DA:201,0
DA:208,0
DA:209,0
DA:210,0
DA:212,0
DA:219,0
DA:220,0
DA:221,0
DA:222,0
DA:226,0
DA:227,0
DA:228,0
DA:229,0
DA:235,0
DA:236,0
DA:238,0
DA:239,0
DA:240,0
DA:243,0
DA:244,0
DA:246,0
DA:252,0
DA:255,0
DA:266,0
DA:269,0
DA:270,0
DA:271,0
DA:273,0
DA:274,0
DA:275,0
DA:277,0
DA:280,0
DA:281,0
DA:282,0
DA:288,0
DA:308,0
DA:309,0
DA:310,0
DA:311,0
DA:312,0
DA:313,0
DA:316,0
DA:317,0
DA:321,0
DA:322,0
DA:324,0
DA:328,0
DA:329,0
DA:332,0
DA:334,0
DA:335,0
DA:337,0
DA:340,0
DA:342,0
DA:343,0
DA:348,0
DA:352,0
DA:354,0
DA:356,0
DA:358,0
DA:359,0
DA:363,0
DA:364,0
DA:365,0
DA:366,0
DA:367,0
DA:369,0
DA:370,0
DA:374,0
DA:378,0
DA:379,0
DA:380,0
DA:381,0
DA:388,0
DA:393,0
DA:398,0
DA:399,0
DA:400,0
DA:402,0
DA:403,0
DA:404,0
DA:407,0
DA:408,0
DA:415,0
DA:416,0
DA:421,0
DA:426,0
DA:427,0
DA:429,0
DA:430,0
DA:431,0
DA:434,0
DA:435,0
DA:436,0
DA:462,0
DA:465,0
DA:466,0
DA:469,0
DA:470,0
DA:472,0
DA:473,0
DA:474,0
DA:478,0
DA:479,0
DA:487,0
DA:488,0
DA:489,0
DA:491,0
DA:494,0
DA:495,0
DA:500,0
DA:501,0
DA:503,0
DA:504,0
DA:508,0
DA:515,0
DA:519,0
DA:520,0
DA:524,0
DA:525,0
DA:529,0
DA:530,0
DA:531,0
DA:532,0
DA:533,0
DA:536,0
DA:543,0
DA:544,0
DA:548,0
DA:549,0
DA:555,0
DA:560,0
DA:563,0
DA:564,0
DA:565,0
DA:568,0
DA:572,0
DA:573,0
DA:575,0
DA:580,0
DA:581,0
DA:582,0
DA:586,0
DA:587,0
DA:593,0
DA:595,0
DA:596,0
DA:597,0
DA:598,0
DA:600,0
DA:602,0
DA:603,0
DA:605,0
DA:611,0
DA:662,0
DA:663,0
DA:666,0
DA:676,0
DA:677,0
DA:684,0
DA:685,0
DA:686,0
DA:689,0
DA:690,0
DA:693,0
DA:694,0
DA:695,0
DA:696,0
DA:697,0
DA:700,0
DA:701,0
DA:703,0
DA:704,0
DA:705,0
DA:711,0
DA:722,0
DA:727,0
DA:728,0
DA:729,0
DA:733,0
LF:241
LH:0
BRDA:39,0,0,0
BRDA:39,0,1,0
BRDA:44,1,0,0
BRDA:44,1,1,0
BRDA:45,2,0,0
BRDA:45,2,1,0
BRDA:47,3,0,0
BRDA:47,3,1,0
BRDA:49,4,0,0
BRDA:49,4,1,0
BRDA:118,5,0,0
BRDA:118,5,1,0
BRDA:120,6,0,0
BRDA:120,6,1,0
BRDA:120,7,0,0
BRDA:120,7,1,0
BRDA:126,8,0,0
BRDA:126,8,1,0
BRDA:128,9,0,0
BRDA:128,9,1,0
BRDA:129,10,0,0
BRDA:129,10,1,0
BRDA:134,11,0,0
BRDA:134,11,1,0
BRDA:137,12,0,0
BRDA:137,12,1,0
BRDA:155,13,0,0
BRDA:155,13,1,0
BRDA:167,14,0,0
BRDA:167,14,1,0
BRDA:168,15,0,0
BRDA:168,15,1,0
BRDA:169,16,0,0
BRDA:169,16,1,0
BRDA:179,17,0,0
BRDA:179,17,1,0
BRDA:188,18,0,0
BRDA:188,18,1,0
BRDA:196,19,0,0
BRDA:196,19,1,0
BRDA:209,20,0,0
BRDA:209,20,1,0
BRDA:209,21,0,0
BRDA:209,21,1,0
BRDA:209,21,2,0
BRDA:215,22,0,0
BRDA:215,22,1,0
BRDA:219,23,0,0
BRDA:219,23,1,0
BRDA:220,24,0,0
BRDA:220,24,1,0
BRDA:226,25,0,0
BRDA:226,25,1,0
BRDA:229,26,0,0
BRDA:229,26,1,0
BRDA:236,27,0,0
BRDA:236,27,1,0
BRDA:238,28,0,0
BRDA:238,28,1,0
BRDA:269,29,0,0
BRDA:269,29,1,0
BRDA:274,30,0,0
BRDA:274,30,1,0
BRDA:282,31,0,0
BRDA:282,31,1,0
BRDA:309,32,0,0
BRDA:309,32,1,0
BRDA:335,33,0,0
BRDA:335,33,1,0
BRDA:342,34,0,0
BRDA:342,34,1,0
BRDA:354,35,0,0
BRDA:354,35,1,0
BRDA:358,36,0,0
BRDA:358,36,1,0
BRDA:364,37,0,0
BRDA:364,37,1,0
BRDA:390,38,0,0
BRDA:391,39,0,0
BRDA:398,40,0,0
BRDA:398,40,1,0
BRDA:399,41,0,0
BRDA:399,41,1,0
BRDA:418,42,0,0
BRDA:418,42,1,0
BRDA:466,43,0,0
BRDA:466,43,1,0
BRDA:469,44,0,0
BRDA:469,44,1,0
BRDA:470,45,0,0
BRDA:470,45,1,0
BRDA:473,46,0,0
BRDA:473,46,1,0
BRDA:474,47,0,0
BRDA:474,47,1,0
BRDA:481,48,0,0
BRDA:481,48,1,0
BRDA:487,49,0,0
BRDA:487,49,1,0
BRDA:488,50,0,0
BRDA:488,50,1,0
BRDA:494,51,0,0
BRDA:494,51,1,0
BRDA:500,52,0,0
BRDA:500,52,1,0
BRDA:501,53,0,0
BRDA:501,53,1,0
BRDA:503,54,0,0
BRDA:503,54,1,0
BRDA:504,55,0,0
BRDA:504,55,1,0
BRDA:508,56,0,0
BRDA:508,56,1,0
BRDA:517,57,0,0
BRDA:520,58,0,0
BRDA:520,58,1,0
BRDA:524,59,0,0
BRDA:524,59,1,0
BRDA:560,60,0,0
BRDA:560,60,1,0
BRDA:564,61,0,0
BRDA:564,61,1,0
BRDA:570,62,0,0
BRDA:570,62,1,0
BRDA:572,63,0,0
BRDA:572,63,1,0
BRDA:573,64,0,0
BRDA:573,64,1,0
BRDA:581,65,0,0
BRDA:581,65,1,0
BRDA:595,66,0,0
BRDA:595,66,1,0
BRDA:597,67,0,0
BRDA:597,67,1,0
BRDA:598,68,0,0
BRDA:598,68,1,0
BRDA:602,69,0,0
BRDA:602,69,1,0
BRDA:668,70,0,0
BRDA:668,70,1,0
BRDA:669,71,0,0
BRDA:669,71,1,0
BRDA:670,72,0,0
BRDA:670,72,1,0
BRDA:684,73,0,0
BRDA:684,73,1,0
BRDA:685,74,0,0
BRDA:685,74,1,0
BRDA:689,75,0,0
BRDA:689,75,1,0
BRDA:694,76,0,0
BRDA:694,76,1,0
BRDA:705,77,0,0
BRDA:705,77,1,0
BRDA:722,78,0,0
BRDA:722,78,1,0
BRF:156
BRH:0
end_of_record
TN:
SF:lib/useCommentLike.ts
FN:21,useCommentLike
FN:23,(anonymous_1)
FN:28,(anonymous_2)
FN:54,(anonymous_3)
FN:68,(anonymous_4)
FN:77,(anonymous_5)
FN:97,useCommentLikesBatch
FN:98,(anonymous_7)
FN:102,(anonymous_8)
FN:106,(anonymous_9)
FN:131,(anonymous_10)
FNF:11
FNH:0
FNDA:0,useCommentLike
FNDA:0,(anonymous_1)
FNDA:0,(anonymous_2)
FNDA:0,(anonymous_3)
FNDA:0,(anonymous_4)
FNDA:0,(anonymous_5)
FNDA:0,useCommentLikesBatch
FNDA:0,(anonymous_7)
FNDA:0,(anonymous_8)
FNDA:0,(anonymous_9)
FNDA:0,(anonymous_10)
DA:22,0
DA:23,0
DA:26,0
DA:29,0
DA:43,0
DA:49,0
DA:50,0
DA:53,0
DA:55,0
DA:56,0
DA:57,0
DA:63,0
DA:69,0
DA:70,0
DA:71,0
DA:75,0
DA:78,0
DA:79,0
DA:83,0
DA:98,0
DA:100,0
DA:103,0
DA:106,0
DA:107,0
DA:110,0
DA:125,0
DA:126,0
DA:127,0
DA:131,0
DA:134,0
DA:135,0
DA:136,0
DA:141,0
DA:147,0
LF:34
LH:0
BRDA:34,0,0,0
BRDA:34,0,1,0
BRDA:43,1,0,0
BRDA:43,1,1,0
BRDA:49,2,0,0
BRDA:49,2,1,0
BRDA:50,3,0,0
BRDA:50,3,1,0
BRDA:55,4,0,0
BRDA:55,4,1,0
BRDA:56,5,0,0
BRDA:56,5,1,0
BRDA:73,6,0,0
BRDA:73,6,1,0
BRDA:79,7,0,0
BRDA:79,7,1,0
BRDA:100,8,0,0
BRDA:103,9,0,0
BRDA:103,9,1,0
BRDA:107,10,0,0
BRDA:107,10,1,0
BRDA:115,11,0,0
BRDA:115,11,1,0
BRDA:126,12,0,0
BRDA:126,12,1,0
BRDA:127,13,0,0
BRDA:127,13,1,0
BRDA:131,14,0,0
BRDA:131,14,1,0
BRDA:137,15,0,0
BRDA:137,15,1,0
BRF:31
BRH:0
end_of_record
TN:
SF:lib/useComments.ts
FN:22,useCommentCount
FN:27,(anonymous_1)
FN:44,(anonymous_2)
FN:51,(anonymous_3)
FN:52,(anonymous_4)
FN:58,(anonymous_5)
FN:59,(anonymous_6)
FN:63,(anonymous_7)
FN:71,useComments
FN:74,(anonymous_9)
FN:89,useCommentReplies
FN:92,(anonymous_11)
FN:108,useAddComment
FN:114,(anonymous_13)
FN:134,(anonymous_14)
FN:147,(anonymous_15)
FN:150,(anonymous_16)
FN:153,(anonymous_17)
FN:156,(anonymous_18)
FN:157,(anonymous_19)
FN:203,(anonymous_20)
FN:211,(anonymous_21)
FN:212,(anonymous_22)
FN:227,(anonymous_23)
FN:232,(anonymous_24)
FN:242,useDeleteComment
FN:244,(anonymous_26)
FN:247,(anonymous_27)
FN:257,(anonymous_28)
FN:258,(anonymous_29)
FN:259,(anonymous_30)
FN:261,(anonymous_31)
FNF:32
FNH:0
FNDA:0,useCommentCount
FNDA:0,(anonymous_1)
FNDA:0,(anonymous_2)
FNDA:0,(anonymous_3)
FNDA:0,(anonymous_4)
FNDA:0,(anonymous_5)
FNDA:0,(anonymous_6)
FNDA:0,(anonymous_7)
FNDA:0,useComments
FNDA:0,(anonymous_9)
FNDA:0,useCommentReplies
FNDA:0,(anonymous_11)
FNDA:0,useAddComment
FNDA:0,(anonymous_13)
FNDA:0,(anonymous_14)
FNDA:0,(anonymous_15)
FNDA:0,(anonymous_16)
FNDA:0,(anonymous_17)
FNDA:0,(anonymous_18)
FNDA:0,(anonymous_19)
FNDA:0,(anonymous_20)
FNDA:0,(anonymous_21)
FNDA:0,(anonymous_22)
FNDA:0,(anonymous_23)
FNDA:0,(anonymous_24)
FNDA:0,useDeleteComment
FNDA:0,(anonymous_26)
FNDA:0,(anonymous_27)
FNDA:0,(anonymous_28)
FNDA:0,(anonymous_29)
FNDA:0,(anonymous_30)
FNDA:0,(anonymous_31)
DA:23,0
DA:24,0
DA:25,0
DA:28,0
DA:32,0
DA:33,0
DA:44,0
DA:45,0
DA:46,0
DA:52,0
DA:59,0
DA:63,0
DA:66,0
DA:67,0
DA:72,0
DA:75,0
DA:81,0
DA:82,0
DA:90,0
DA:93,0
DA:98,0
DA:99,0
DA:109,0
DA:110,0
DA:111,0
DA:113,0
DA:115,0
DA:117,0
DA:123,0
DA:125,0
DA:132,0
DA:135,0
DA:136,0
DA:137,0
DA:138,0
DA:147,0
DA:148,0
DA:150,0
DA:151,0
DA:155,0
DA:156,0
DA:157,0
DA:159,0
DA:161,0
DA:164,0
DA:170,0
DA:172,0
DA:173,0
DA:184,0
DA:185,0
DA:190,0
DA:191,0
DA:203,0
DA:204,0
DA:205,0
DA:210,0
DA:211,0
DA:212,0
DA:220,0
DA:223,0
DA:224,0
DA:228,0
DA:229,0
DA:230,0
DA:231,0
DA:232,0
DA:235,0
DA:236,0
DA:237,0
DA:243,0
DA:244,0
DA:246,0
DA:248,0
DA:249,0
DA:254,0
DA:255,0
DA:258,0
DA:259,0
DA:261,0
DA:262,0
LF:80
LH:0
BRDA:32,0,0,0
BRDA:32,0,1,0
BRDA:33,1,0,0
BRDA:33,1,1,0
BRDA:35,2,0,0
BRDA:35,2,1,0
BRDA:37,3,0,0
BRDA:37,3,1,0
BRDA:45,4,0,0
BRDA:45,4,1,0
BRDA:45,5,0,0
BRDA:45,5,1,0
BRDA:52,6,0,0
BRDA:52,6,1,0
BRDA:59,7,0,0
BRDA:59,7,1,0
BRDA:66,8,0,0
BRDA:66,8,1,0
BRDA:66,9,0,0
BRDA:66,9,1,0
BRDA:71,10,0,0
BRDA:81,11,0,0
BRDA:81,11,1,0
BRDA:82,12,0,0
BRDA:82,12,1,0
BRDA:89,13,0,0
BRDA:98,14,0,0
BRDA:98,14,1,0
BRDA:99,15,0,0
BRDA:99,15,1,0
BRDA:102,16,0,0
BRDA:102,16,1,0
BRDA:115,17,0,0
BRDA:115,17,1,0
BRDA:119,18,0,0
BRDA:119,18,1,0
BRDA:123,19,0,0
BRDA:123,19,1,0
BRDA:129,20,0,0
BRDA:129,20,1,0
BRDA:135,21,0,0
BRDA:135,21,1,0
BRDA:136,22,0,0
BRDA:136,22,1,0
BRDA:143,23,0,0
BRDA:143,23,1,0
BRDA:145,24,0,0
BRDA:145,24,1,0
BRDA:145,25,0,0
BRDA:145,25,1,0
BRDA:148,26,0,0
BRDA:148,26,1,0
BRDA:150,27,0,0
BRDA:150,27,1,0
BRDA:150,28,0,0
BRDA:150,28,1,0
BRDA:155,29,0,0
BRDA:155,29,1,0
BRDA:157,30,0,0
BRDA:157,30,1,0
BRDA:157,31,0,0
BRDA:157,31,1,0
BRDA:159,32,0,0
BRDA:159,32,1,0
BRDA:161,33,0,0
BRDA:161,33,1,0
BRDA:172,34,0,0
BRDA:172,34,1,0
BRDA:172,35,0,0
BRDA:172,35,1,0
BRDA:184,36,0,0
BRDA:184,36,1,0
BRDA:190,37,0,0
BRDA:190,37,1,0
BRDA:190,38,0,0
BRDA:190,38,1,0
BRDA:190,38,2,0
BRDA:204,39,0,0
BRDA:204,39,1,0
BRDA:210,40,0,0
BRDA:210,40,1,0
BRDA:211,41,0,0
BRDA:211,41,1,0
BRDA:223,42,0,0
BRDA:223,42,1,0
BRDA:230,43,0,0
BRDA:230,43,1,0
BRDA:230,44,0,0
BRDA:230,44,1,0
BRDA:232,45,0,0
BRDA:232,45,1,0
BRDA:235,46,0,0
BRDA:235,46,1,0
BRDA:236,47,0,0
BRDA:236,47,1,0
BRDA:236,47,2,0
BRDA:236,47,3,0
BRDA:236,47,4,0
BRDA:248,48,0,0
BRDA:248,48,1,0
BRDA:254,49,0,0
BRDA:254,49,1,0
BRDA:259,50,0,0
BRDA:259,50,1,0
BRDA:261,51,0,0
BRDA:261,51,1,0
BRDA:262,52,0,0
BRDA:262,52,1,0
BRF:108
BRH:0
end_of_record
TN:
SF:lib/useCreatorLiveHistory.ts
FN:51,useCreatorLiveHistory
FN:56,(anonymous_1)
FN:72,formatDuration
FN:82,formatRelativeTime
FNF:4
FNH:0
FNDA:0,useCreatorLiveHistory
FNDA:0,(anonymous_1)
FNDA:0,formatDuration
FNDA:0,formatRelativeTime
DA:52,0
DA:57,0
DA:63,0
DA:64,0
DA:73,0
DA:74,0
DA:75,0
DA:76,0
DA:77,0
DA:78,0
DA:83,0
DA:84,0
DA:85,0
DA:86,0
DA:87,0
DA:88,0
DA:89,0
DA:90,0
DA:91,0
DA:92,0
DA:93,0
DA:94,0
LF:22
LH:0
BRDA:51,0,0,0
BRDA:63,1,0,0
BRDA:63,1,1,0
BRDA:64,2,0,0
BRDA:64,2,1,0
BRDA:73,3,0,0
BRDA:73,3,1,0
BRDA:75,4,0,0
BRDA:75,4,1,0
BRDA:78,5,0,0
BRDA:78,5,1,0
BRDA:82,6,0,0
BRDA:85,7,0,0
BRDA:85,7,1,0
BRDA:86,8,0,0
BRDA:86,8,1,0
BRDA:88,9,0,0
BRDA:88,9,1,0
BRDA:90,10,0,0
BRDA:90,10,1,0
BRDA:91,11,0,0
BRDA:91,11,1,0
BRDA:92,12,0,0
BRDA:92,12,1,0
BRDA:93,13,0,0
BRDA:93,13,1,0
BRF:26
BRH:0
end_of_record
TN:
SF:lib/useCreatorVoiceSample.ts
FN:14,useCreatorVoiceSample
FN:21,(anonymous_1)
FNF:2
FNH:0
FNDA:0,useCreatorVoiceSample
FNDA:0,(anonymous_1)
DA:15,0
DA:16,0
DA:19,0
DA:22,0
DA:23,0
DA:28,0
DA:34,0
DA:35,0
DA:38,0
LF:9
LH:0
BRDA:16,0,0,0
BRDA:16,0,1,0
BRDA:22,1,0,0
BRDA:22,1,1,0
BRDA:28,2,0,0
BRDA:28,2,1,0
BRDA:30,3,0,0
BRDA:30,3,1,0
BRDA:34,4,0,0
BRDA:34,4,1,0
BRDA:35,5,0,0
BRDA:35,5,1,0
BRDA:38,6,0,0
BRDA:38,6,1,0
BRF:14
BRH:0
end_of_record
TN:
SF:lib/useDiscoverPeople.ts
FN:23,useDiscoverPeople
FN:30,(anonymous_1)
FN:39,(anonymous_2)
FN:46,(anonymous_3)
FN:61,(anonymous_4)
FN:73,(anonymous_5)
FN:74,(anonymous_6)
FN:76,(anonymous_7)
FN:76,(anonymous_8)
FN:86,(anonymous_9)
FN:100,(anonymous_10)
FNF:11
FNH:0
FNDA:0,useDiscoverPeople
FNDA:0,(anonymous_1)
FNDA:0,(anonymous_2)
FNDA:0,(anonymous_3)
FNDA:0,(anonymous_4)
FNDA:0,(anonymous_5)
FNDA:0,(anonymous_6)
FNDA:0,(anonymous_7)
FNDA:0,(anonymous_8)
FNDA:0,(anonymous_9)
FNDA:0,(anonymous_10)
DA:24,0
DA:25,0
DA:26,0
DA:28,0
DA:31,0
DA:34,0
DA:38,0
DA:39,0
DA:41,0
DA:43,0
DA:44,0
DA:46,0
DA:47,0
DA:48,0
DA:49,0
DA:54,0
DA:55,0
DA:61,0
DA:66,0
DA:72,0
DA:73,0
DA:74,0
DA:76,0
DA:78,0
DA:79,0
DA:86,0
DA:87,0
DA:88,0
DA:93,0
DA:94,0
DA:100,0
DA:103,0
LF:32
LH:0
BRDA:31,0,0,0
BRDA:31,0,1,0
BRDA:39,1,0,0
BRDA:39,1,1,0
BRDA:47,2,0,0
BRDA:47,2,1,0
BRDA:47,3,0,0
BRDA:47,3,1,0
BRDA:54,4,0,0
BRDA:54,4,1,0
BRDA:61,5,0,0
BRDA:61,5,1,0
BRDA:73,6,0,0
BRDA:73,6,1,0
BRDA:74,7,0,0
BRDA:74,7,1,0
BRDA:74,8,0,0
BRDA:74,8,1,0
BRDA:78,9,0,0
BRDA:78,9,1,0
BRDA:86,10,0,0
BRDA:86,10,1,0
BRDA:88,11,0,0
BRDA:88,11,1,0
BRDA:93,12,0,0
BRDA:93,12,1,0
BRDA:100,13,0,0
BRDA:100,13,1,0
BRF:28
BRH:0
end_of_record
TN:
SF:lib/useDrafts.ts
FN:23,readDrafts
FN:32,writeDrafts
FN:37,useDrafts
FN:42,(anonymous_3)
FN:43,(anonymous_4)
FN:51,(anonymous_5)
FN:67,(anonymous_6)
FN:68,(anonymous_7)
FN:76,(anonymous_8)
FNF:9
FNH:0
FNDA:0,readDrafts
FNDA:0,writeDrafts
FNDA:0,useDrafts
FNDA:0,(anonymous_3)
FNDA:0,(anonymous_4)
FNDA:0,(anonymous_5)
FNDA:0,(anonymous_6)
FNDA:0,(anonymous_7)
FNDA:0,(anonymous_8)
DA:20,0
DA:24,0
DA:25,0
DA:26,0
DA:28,0
DA:33,0
DA:38,0
DA:39,0
DA:42,0
DA:43,0
DA:44,0
DA:45,0
DA:50,0
DA:52,0
DA:57,0
DA:58,0
DA:59,0
DA:60,0
DA:66,0
DA:68,0
DA:69,0
DA:70,0
DA:76,0
DA:77,0
DA:78,0
DA:81,0
LF:26
LH:0
BRDA:26,0,0,0
BRDA:26,0,1,0
BRF:2
BRH:0
end_of_record
TN:
SF:lib/useDuett.ts
FN:87,mapInvite
FN:148,mapHistory
FN:187,useDuettInviter
FN:188,(anonymous_3)
FN:196,(anonymous_4)
FN:217,(anonymous_5)
FN:222,(anonymous_6)
FN:234,(anonymous_7)
FN:244,(anonymous_8)
FN:249,(anonymous_9)
FN:260,(anonymous_10)
FN:267,(anonymous_11)
FN:273,(anonymous_12)
FN:281,(anonymous_13)
FN:283,(anonymous_14)
FN:291,(anonymous_15)
FN:296,(anonymous_16)
FN:298,(anonymous_17)
FN:330,useDuettInbox
FN:331,(anonymous_19)
FN:338,(anonymous_20)
FN:362,(anonymous_21)
FN:363,(anonymous_22)
FN:368,(anonymous_23)
FN:381,(anonymous_24)
FN:394,(anonymous_25)
FN:399,(anonymous_26)
FN:406,(anonymous_27)
FN:409,(anonymous_28)
FN:410,(anonymous_29)
FN:412,(anonymous_30)
FN:417,(anonymous_31)
FN:424,(anonymous_32)
FN:427,(anonymous_33)
FN:439,(anonymous_34)
FN:460,(anonymous_35)
FN:466,(anonymous_36)
FN:471,(anonymous_37)
FN:493,useDuettHistory
FN:498,(anonymous_39)
FN:514,(anonymous_40)
FN:527,inviteSecondsLeft
FN:535,duetLayoutLabel
FNF:43
FNH:0
FNDA:0,mapInvite
FNDA:0,mapHistory
FNDA:0,useDuettInviter
FNDA:0,(anonymous_3)
FNDA:0,(anonymous_4)
FNDA:0,(anonymous_5)
FNDA:0,(anonymous_6)
FNDA:0,(anonymous_7)
FNDA:0,(anonymous_8)
FNDA:0,(anonymous_9)
FNDA:0,(anonymous_10)
FNDA:0,(anonymous_11)
FNDA:0,(anonymous_12)
FNDA:0,(anonymous_13)
FNDA:0,(anonymous_14)
FNDA:0,(anonymous_15)
FNDA:0,(anonymous_16)
FNDA:0,(anonymous_17)
FNDA:0,useDuettInbox
FNDA:0,(anonymous_19)
FNDA:0,(anonymous_20)
FNDA:0,(anonymous_21)
FNDA:0,(anonymous_22)
FNDA:0,(anonymous_23)
FNDA:0,(anonymous_24)
FNDA:0,(anonymous_25)
FNDA:0,(anonymous_26)
FNDA:0,(anonymous_27)
FNDA:0,(anonymous_28)
FNDA:0,(anonymous_29)
FNDA:0,(anonymous_30)
FNDA:0,(anonymous_31)
FNDA:0,(anonymous_32)
FNDA:0,(anonymous_33)
FNDA:0,(anonymous_34)
FNDA:0,(anonymous_35)
FNDA:0,(anonymous_36)
FNDA:0,(anonymous_37)
FNDA:0,useDuettHistory
FNDA:0,(anonymous_39)
FNDA:0,(anonymous_40)
FNDA:0,inviteSecondsLeft
FNDA:0,duetLayoutLabel
DA:88,0
DA:110,0
DA:149,0
DA:188,0
DA:189,0
DA:192,0
DA:197,0
DA:202,0
DA:213,0
DA:214,0
DA:215,0
DA:217,0
DA:222,0
DA:223,0
DA:224,0
DA:240,0
DA:244,0
DA:248,0
DA:250,0
DA:257,0
DA:258,0
DA:261,0
DA:266,0
DA:268,0
DA:271,0
DA:274,0
DA:281,0
DA:282,0
DA:283,0
DA:284,0
DA:285,0
DA:288,0
DA:291,0
DA:295,0
DA:297,0
DA:299,0
DA:306,0
DA:331,0
DA:332,0
DA:334,0
DA:339,0
DA:344,0
DA:354,0
DA:355,0
DA:356,0
DA:360,0
DA:361,0
DA:362,0
DA:363,0
DA:368,0
DA:369,0
DA:370,0
DA:382,0
DA:395,0
DA:399,0
DA:405,0
DA:406,0
DA:407,0
DA:408,0
DA:409,0
DA:411,0
DA:412,0
DA:413,0
DA:414,0
DA:417,0
DA:424,0
DA:425,0
DA:426,0
DA:427,0
DA:428,0
DA:429,0
DA:430,0
DA:435,0
DA:438,0
DA:444,0
DA:449,0
DA:451,0
DA:452,0
DA:461,0
DA:465,0
DA:466,0
DA:470,0
DA:472,0
DA:476,0
DA:494,0
DA:499,0
DA:500,0
DA:510,0
DA:511,0
DA:512,0
DA:514,0
DA:528,0
DA:536,0
DA:537,0
DA:538,0
DA:539,0
DA:540,0
DA:541,0
DA:542,0
LF:99
LH:0
BRDA:102,0,0,0
BRDA:102,0,1,0
BRDA:103,1,0,0
BRDA:103,1,1,0
BRDA:104,2,0,0
BRDA:104,2,1,0
BRDA:105,3,0,0
BRDA:105,3,1,0
BRDA:159,4,0,0
BRDA:159,4,1,0
BRDA:161,5,0,0
BRDA:161,5,1,0
BRDA:162,6,0,0
BRDA:162,6,1,0
BRDA:163,7,0,0
BRDA:163,7,1,0
BRDA:164,8,0,0
BRDA:164,8,1,0
BRDA:188,9,0,0
BRDA:188,9,1,0
BRDA:194,10,0,0
BRDA:194,10,1,0
BRDA:197,11,0,0
BRDA:197,11,1,0
BRDA:197,12,0,0
BRDA:197,12,1,0
BRDA:213,13,0,0
BRDA:213,13,1,0
BRDA:214,14,0,0
BRDA:214,14,1,0
BRDA:217,15,0,0
BRDA:217,15,1,0
BRDA:223,16,0,0
BRDA:223,16,1,0
BRDA:223,17,0,0
BRDA:223,17,1,0
BRDA:253,18,0,0
BRDA:253,18,1,0
BRDA:254,19,0,0
BRDA:254,19,1,0
BRDA:254,20,0,0
BRDA:254,20,1,0
BRDA:255,21,0,0
BRDA:255,21,1,0
BRDA:257,22,0,0
BRDA:257,22,1,0
BRDA:271,23,0,0
BRDA:271,23,1,0
BRDA:282,24,0,0
BRDA:282,24,1,0
BRDA:288,25,0,0
BRDA:288,25,1,0
BRDA:297,26,0,0
BRDA:297,26,1,0
BRDA:299,27,0,0
BRDA:299,27,1,0
BRDA:299,27,2,0
BRDA:307,28,0,0
BRDA:307,28,1,0
BRDA:331,29,0,0
BRDA:331,29,1,0
BRDA:339,30,0,0
BRDA:339,30,1,0
BRDA:354,31,0,0
BRDA:354,31,1,0
BRDA:355,32,0,0
BRDA:355,32,1,0
BRDA:361,33,0,0
BRDA:361,33,1,0
BRDA:369,34,0,0
BRDA:369,34,1,0
BRDA:407,35,0,0
BRDA:407,35,1,0
BRDA:425,36,0,0
BRDA:425,36,1,0
BRDA:426,37,0,0
BRDA:426,37,1,0
BRDA:428,38,0,0
BRDA:428,38,1,0
BRDA:429,39,0,0
BRDA:429,39,1,0
BRDA:435,40,0,0
BRDA:435,40,1,0
BRDA:447,41,0,0
BRDA:447,41,1,0
BRDA:449,42,0,0
BRDA:449,42,1,0
BRDA:451,43,0,0
BRDA:451,43,1,0
BRDA:493,44,0,0
BRDA:499,45,0,0
BRDA:499,45,1,0
BRDA:510,46,0,0
BRDA:510,46,1,0
BRDA:511,47,0,0
BRDA:511,47,1,0
BRDA:514,48,0,0
BRDA:514,48,1,0
BRDA:536,49,0,0
BRDA:536,49,1,0
BRDA:536,49,2,0
BRDA:536,49,3,0
BRDA:536,49,4,0
BRDA:536,49,5,0
BRF:104
BRH:0
end_of_record
TN:
SF:lib/useDwellTracker.ts
FN:12,(anonymous_0)
FN:18,useDwellTracker
FN:26,(anonymous_2)
FN:29,(anonymous_3)
FN:43,(anonymous_4)
FN:49,(anonymous_5)
FN:60,(anonymous_6)
FN:62,(anonymous_7)
FN:82,(anonymous_8)
FN:85,(anonymous_9)
FN:96,(anonymous_10)
FN:106,(anonymous_11)
FN:109,(anonymous_12)
FNF:13
FNH:0
FNDA:0,(anonymous_0)
FNDA:0,useDwellTracker
FNDA:0,(anonymous_2)
FNDA:0,(anonymous_3)
FNDA:0,(anonymous_4)
FNDA:0,(anonymous_5)
FNDA:0,(anonymous_6)
FNDA:0,(anonymous_7)
FNDA:0,(anonymous_8)
FNDA:0,(anonymous_9)
FNDA:0,(anonymous_10)
FNDA:0,(anonymous_11)
FNDA:0,(anonymous_12)
DA:7,0
DA:8,0
DA:9,0
DA:12,0
DA:19,0
DA:20,0
DA:21,0
DA:22,0
DA:23,0
DA:26,0
DA:27,0
DA:29,0
DA:30,0
DA:32,0
DA:35,0
DA:36,0
DA:37,0
DA:39,0
DA:42,0
DA:44,0
DA:50,0
DA:60,0
DA:61,0
DA:62,0
DA:63,0
DA:64,0
DA:67,0
DA:68,0
DA:69,0
DA:72,0
DA:73,0
DA:74,0
DA:78,0
DA:82,0
DA:83,0
DA:86,0
DA:87,0
DA:88,0
DA:94,0
DA:96,0
DA:97,0
DA:98,0
DA:99,0
DA:100,0
DA:105,0
DA:107,0
DA:109,0
DA:110,0
DA:111,0
DA:113,0
DA:115,0
DA:118,0
DA:119,0
DA:121,0
DA:122,0
DA:124,0
DA:128,0
DA:129,0
DA:130,0
DA:134,0
DA:135,0
DA:136,0
DA:139,0
DA:148,0
LF:64
LH:0
BRDA:27,0,0,0
BRDA:27,0,1,0
BRDA:27,1,0,0
BRDA:27,1,1,0
BRDA:39,2,0,0
BRDA:39,2,1,0
BRDA:39,3,0,0
BRDA:39,3,1,0
BRDA:64,4,0,0
BRDA:64,4,1,0
BRDA:67,5,0,0
BRDA:67,5,1,0
BRDA:68,6,0,0
BRDA:68,6,1,0
BRDA:72,7,0,0
BRDA:72,7,1,0
BRDA:86,8,0,0
BRDA:86,8,1,0
BRDA:86,9,0,0
BRDA:86,9,1,0
BRDA:98,10,0,0
BRDA:98,10,1,0
BRDA:111,11,0,0
BRDA:111,11,1,0
BRDA:113,12,0,0
BRDA:113,12,1,0
BRDA:119,13,0,0
BRDA:119,13,1,0
BRDA:124,14,0,0
BRDA:124,14,1,0
BRDA:128,15,0,0
BRDA:128,15,1,0
BRDA:129,16,0,0
BRDA:129,16,1,0
BRDA:134,17,0,0
BRDA:134,17,1,0
BRDA:139,18,0,0
BRDA:139,18,1,0
BRF:38
BRH:0
end_of_record
TN:
SF:lib/useExplore.ts
FN:47,useTrendingTags
FN:50,(anonymous_1)
FN:68,(anonymous_2)
FN:70,(anonymous_3)
FN:77,useExploreGrid
FN:81,(anonymous_5)
FN:103,(anonymous_6)
FN:110,useExploreUserSearch
FN:111,(anonymous_8)
FN:115,(anonymous_9)
FN:125,(anonymous_10)
FN:140,(anonymous_11)
FN:148,useExplorePostSearch
FN:151,(anonymous_13)
FNF:14
FNH:0
FNDA:0,useTrendingTags
FNDA:0,(anonymous_1)
FNDA:0,(anonymous_2)
FNDA:0,(anonymous_3)
FNDA:0,useExploreGrid
FNDA:0,(anonymous_5)
FNDA:0,(anonymous_6)
FNDA:0,useExploreUserSearch
FNDA:0,(anonymous_8)
FNDA:0,(anonymous_9)
FNDA:0,(anonymous_10)
FNDA:0,(anonymous_11)
FNDA:0,useExplorePostSearch
FNDA:0,(anonymous_13)
DA:7,0
DA:41,0
DA:48,0
DA:51,0
DA:57,0
DA:59,0
DA:60,0
DA:61,0
DA:62,0
DA:63,0
DA:67,0
DA:68,0
DA:70,0
DA:78,0
DA:82,0
DA:83,0
DA:85,0
DA:91,0
DA:93,0
DA:94,0
DA:96,0
DA:99,0
DA:100,0
DA:101,0
DA:104,0
DA:111,0
DA:113,0
DA:116,0
DA:119,0
DA:120,0
DA:121,0
DA:125,0
DA:128,0
DA:134,0
DA:135,0
DA:137,0
DA:139,0
DA:140,0
DA:149,0
DA:152,0
DA:153,0
DA:159,0
DA:160,0
LF:43
LH:0
BRDA:57,0,0,0
BRDA:57,0,1,0
BRDA:61,1,0,0
BRDA:61,1,1,0
BRDA:63,2,0,0
BRDA:63,2,1,0
BRDA:63,3,0,0
BRDA:63,3,1,0
BRDA:81,4,0,0
BRDA:91,5,0,0
BRDA:91,5,1,0
BRDA:93,6,0,0
BRDA:93,6,1,0
BRDA:93,7,0,0
BRDA:93,7,1,0
BRDA:100,8,0,0
BRDA:100,8,1,0
BRDA:101,9,0,0
BRDA:101,9,1,0
BRDA:104,10,0,0
BRDA:104,10,1,0
BRDA:116,11,0,0
BRDA:116,11,1,0
BRDA:120,12,0,0
BRDA:120,12,1,0
BRDA:125,13,0,0
BRDA:125,13,1,0
BRDA:132,14,0,0
BRDA:132,14,1,0
BRDA:135,15,0,0
BRDA:135,15,1,0
BRDA:137,16,0,0
BRDA:137,16,1,0
BRDA:139,17,0,0
BRDA:139,17,1,0
BRDA:152,18,0,0
BRDA:152,18,1,0
BRDA:159,19,0,0
BRDA:159,19,1,0
BRDA:160,20,0,0
BRDA:160,20,1,0
BRF:41
BRH:0
end_of_record
TN:
SF:lib/useFaceDetection.ts
FN:42,useFaceDetection
FN:46,(anonymous_1)
FN:71,(anonymous_2)
FN:112,getStickerPosition
FNF:4
FNH:0
FNDA:0,useFaceDetection
FNDA:0,(anonymous_1)
FNDA:0,(anonymous_2)
FNDA:0,getStickerPosition
DA:43,0
DA:46,0
DA:51,0
DA:52,0
DA:53,0
DA:60,0
DA:61,0
DA:62,0
DA:65,0
DA:69,0
DA:71,0
DA:73,0
DA:94,0
DA:95,0
DA:98,0
DA:99,0
DA:101,0
DA:105,0
DA:118,0
DA:119,0
DA:121,0
DA:125,0
DA:127,0
DA:129,0
DA:131,0
DA:137,0
DA:139,0
DA:141,0
DA:148,0
DA:154,0
DA:160,0
DA:162,0
DA:164,0
DA:170,0
DA:176,0
DA:182,0
DA:188,0
DA:194,0
DA:201,0
LF:39
LH:0
BRDA:60,0,0,0
BRDA:60,0,1,0
BRDA:82,1,0,0
BRDA:82,1,1,0
BRDA:83,2,0,0
BRDA:83,2,1,0
BRDA:84,3,0,0
BRDA:84,3,1,0
BRDA:85,4,0,0
BRDA:85,4,1,0
BRDA:86,5,0,0
BRDA:86,5,1,0
BRDA:87,6,0,0
BRDA:87,6,1,0
BRDA:89,7,0,0
BRDA:89,7,1,0
BRDA:90,8,0,0
BRDA:90,8,1,0
BRDA:127,9,0,0
BRDA:127,9,1,0
BRDA:127,9,2,0
BRDA:127,9,3,0
BRDA:127,9,4,0
BRDA:127,9,5,0
BRDA:127,9,6,0
BRDA:127,9,7,0
BRDA:127,9,8,0
BRDA:127,9,9,0
BRDA:127,9,10,0
BRDA:127,9,11,0
BRDA:127,9,12,0
BRDA:127,9,13,0
BRDA:127,9,14,0
BRDA:127,9,15,0
BRF:34
BRH:0
end_of_record
TN:
SF:lib/useFeedAudio.ts
FN:13,useFeedAudio
FN:29,(anonymous_1)
FN:40,(anonymous_2)
FN:92,(anonymous_3)
FN:101,(anonymous_4)
FN:109,(anonymous_5)
FN:113,(anonymous_6)
FN:114,(anonymous_7)
FN:116,(anonymous_8)
FN:117,(anonymous_9)
FN:122,(anonymous_10)
FN:124,(anonymous_11)
FNF:12
FNH:0
FNDA:0,useFeedAudio
FNDA:0,(anonymous_1)
FNDA:0,(anonymous_2)
FNDA:0,(anonymous_3)
FNDA:0,(anonymous_4)
FNDA:0,(anonymous_5)
FNDA:0,(anonymous_6)
FNDA:0,(anonymous_7)
FNDA:0,(anonymous_8)
FNDA:0,(anonymous_9)
FNDA:0,(anonymous_10)
FNDA:0,(anonymous_11)
DA:23,0
DA:24,0
DA:25,0
DA:26,0
DA:29,0
DA:30,0
DA:31,0
DA:32,0
DA:33,0
DA:34,0
DA:35,0
DA:40,0
DA:42,0
DA:43,0
DA:45,0
DA:47,0
DA:49,0
DA:50,0
DA:53,0
DA:59,0
DA:61,0
DA:71,0
DA:73,0
DA:74,0
DA:77,0
DA:80,0
DA:81,0
DA:82,0
DA:84,0
DA:87,0
DA:92,0
DA:93,0
DA:95,0
DA:96,0
DA:98,0
DA:101,0
DA:102,0
DA:109,0
DA:110,0
DA:111,0
DA:112,0
DA:113,0
DA:114,0
DA:116,0
DA:117,0
DA:122,0
DA:123,0
DA:124,0
DA:125,0
DA:126,0
LF:50
LH:0
BRDA:31,0,0,0
BRDA:31,0,1,0
BRDA:43,1,0,0
BRDA:43,1,1,0
BRDA:45,2,0,0
BRDA:45,2,1,0
BRDA:59,3,0,0
BRDA:59,3,1,0
BRDA:66,4,0,0
BRDA:66,4,1,0
BRDA:71,5,0,0
BRDA:71,5,1,0
BRDA:80,6,0,0
BRDA:80,6,1,0
BRDA:82,7,0,0
BRDA:82,7,1,0
BRDA:84,8,0,0
BRDA:84,8,1,0
BRDA:87,9,0,0
BRDA:87,9,1,0
BRDA:93,10,0,0
BRDA:93,10,1,0
BRDA:93,11,0,0
BRDA:93,11,1,0
BRDA:95,12,0,0
BRDA:95,12,1,0
BRDA:111,13,0,0
BRDA:111,13,1,0
BRDA:112,14,0,0
BRDA:112,14,1,0
BRF:30
BRH:0
end_of_record
TN:
SF:lib/useFeedEngagement.ts
FN:15,emptyFeedEngagementMaps
FN:26,fetchLikeCounts
FN:34,(anonymous_2)
FN:53,fetchCommentCounts
FN:61,(anonymous_4)
FN:80,useFeedEngagement
FN:81,(anonymous_6)
FN:82,(anonymous_7)
FN:83,(anonymous_8)
FN:88,(anonymous_9)
FN:91,(anonymous_10)
FN:148,useInvalidateFeedEngagement
FN:150,(anonymous_12)
FN:151,(anonymous_13)
FNF:14
FNH:0
FNDA:0,emptyFeedEngagementMaps
FNDA:0,fetchLikeCounts
FNDA:0,(anonymous_2)
FNDA:0,fetchCommentCounts
FNDA:0,(anonymous_4)
FNDA:0,useFeedEngagement
FNDA:0,(anonymous_6)
FNDA:0,(anonymous_7)
FNDA:0,(anonymous_8)
FNDA:0,(anonymous_9)
FNDA:0,(anonymous_10)
FNDA:0,useInvalidateFeedEngagement
FNDA:0,(anonymous_12)
FNDA:0,(anonymous_13)
DA:16,0
DA:27,0
DA:28,0
DA:29,0
DA:32,0
DA:33,0
DA:35,0
DA:39,0
DA:42,0
DA:44,0
DA:45,0
DA:47,0
DA:48,0
DA:50,0
DA:54,0
DA:55,0
DA:56,0
DA:59,0
DA:60,0
DA:62,0
DA:66,0
DA:69,0
DA:71,0
DA:72,0
DA:74,0
DA:75,0
DA:77,0
DA:81,0
DA:82,0
DA:83,0
DA:85,0
DA:89,0
DA:91,0
DA:93,0
DA:108,0
DA:109,0
DA:110,0
DA:111,0
DA:114,0
DA:115,0
DA:116,0
DA:117,0
DA:120,0
DA:121,0
DA:122,0
DA:123,0
DA:126,0
DA:127,0
DA:128,0
DA:129,0
DA:132,0
DA:149,0
DA:150,0
DA:151,0
DA:152,0
LF:55
LH:0
BRDA:28,0,0,0
BRDA:28,0,1,0
BRDA:32,1,0,0
BRDA:32,1,1,0
BRDA:39,2,0,0
BRDA:39,2,1,0
BRDA:44,3,0,0
BRDA:44,3,1,0
BRDA:45,4,0,0
BRDA:45,4,1,0
BRDA:48,5,0,0
BRDA:48,5,1,0
BRDA:55,6,0,0
BRDA:55,6,1,0
BRDA:59,7,0,0
BRDA:59,7,1,0
BRDA:66,8,0,0
BRDA:66,8,1,0
BRDA:71,9,0,0
BRDA:71,9,1,0
BRDA:72,10,0,0
BRDA:72,10,1,0
BRDA:75,11,0,0
BRDA:75,11,1,0
BRDA:89,12,0,0
BRDA:89,12,1,0
BRDA:89,13,0,0
BRDA:89,13,1,0
BRDA:91,14,0,0
BRDA:91,14,1,0
BRDA:99,15,0,0
BRDA:99,15,1,0
BRDA:110,16,0,0
BRDA:110,16,1,0
BRDA:111,17,0,0
BRDA:111,17,1,0
BRDA:116,18,0,0
BRDA:116,18,1,0
BRDA:117,19,0,0
BRDA:117,19,1,0
BRDA:122,20,0,0
BRDA:122,20,1,0
BRDA:123,21,0,0
BRDA:123,21,1,0
BRDA:128,22,0,0
BRDA:128,22,1,0
BRDA:129,23,0,0
BRDA:129,23,1,0
BRDA:141,24,0,0
BRDA:141,24,1,0
BRF:50
BRH:0
end_of_record
TN:
SF:lib/useFollow.ts
FN:6,useFollowCounts
FN:9,(anonymous_1)
FN:23,useFollow
FN:25,(anonymous_3)
FN:30,(anonymous_4)
FN:49,(anonymous_5)
FN:56,(anonymous_6)
FN:63,(anonymous_7)
FN:67,(anonymous_8)
FN:75,(anonymous_9)
FN:80,(anonymous_10)
FN:88,(anonymous_11)
FN:94,(anonymous_12)
FN:98,(anonymous_13)
FN:107,(anonymous_14)
FN:112,(anonymous_15)
FN:119,(anonymous_16)
FN:138,useFollowerList
FN:141,(anonymous_18)
FN:150,(anonymous_19)
FN:157,useFollowingList
FN:160,(anonymous_21)
FN:169,(anonymous_22)
FNF:23
FNH:0
FNDA:0,useFollowCounts
FNDA:0,(anonymous_1)
FNDA:0,useFollow
FNDA:0,(anonymous_3)
FNDA:0,(anonymous_4)
FNDA:0,(anonymous_5)
FNDA:0,(anonymous_6)
FNDA:0,(anonymous_7)
FNDA:0,(anonymous_8)
FNDA:0,(anonymous_9)
FNDA:0,(anonymous_10)
FNDA:0,(anonymous_11)
FNDA:0,(anonymous_12)
FNDA:0,(anonymous_13)
FNDA:0,(anonymous_14)
FNDA:0,(anonymous_15)
FNDA:0,(anonymous_16)
FNDA:0,useFollowerList
FNDA:0,(anonymous_18)
FNDA:0,(anonymous_19)
FNDA:0,useFollowingList
FNDA:0,(anonymous_21)
FNDA:0,(anonymous_22)
DA:7,0
DA:10,0
DA:11,0
DA:14,0
DA:15,0
DA:16,0
DA:24,0
DA:25,0
DA:26,0
DA:28,0
DA:31,0
DA:32,0
DA:38,0
DA:43,0
DA:45,0
DA:46,0
DA:47,0
DA:49,0
DA:50,0
DA:51,0
DA:52,0
DA:55,0
DA:57,0
DA:58,0
DA:59,0
DA:61,0
DA:63,0
DA:65,0
DA:68,0
DA:69,0
DA:73,0
DA:77,0
DA:78,0
DA:80,0
DA:82,0
DA:87,0
DA:89,0
DA:90,0
DA:91,0
DA:92,0
DA:94,0
DA:96,0
DA:99,0
DA:100,0
DA:105,0
DA:109,0
DA:110,0
DA:112,0
DA:114,0
DA:119,0
DA:120,0
DA:121,0
DA:124,0
DA:125,0
DA:127,0
DA:139,0
DA:142,0
DA:143,0
DA:149,0
DA:150,0
DA:158,0
DA:161,0
DA:162,0
DA:168,0
DA:169,0
LF:65
LH:0
BRDA:10,0,0,0
BRDA:10,0,1,0
BRDA:14,1,0,0
BRDA:14,1,1,0
BRDA:16,2,0,0
BRDA:16,2,1,0
BRDA:16,3,0,0
BRDA:16,3,1,0
BRDA:28,4,0,0
BRDA:31,5,0,0
BRDA:31,5,1,0
BRDA:31,6,0,0
BRDA:31,6,1,0
BRDA:40,7,0,0
BRDA:40,7,1,0
BRDA:40,7,2,0
BRDA:40,7,3,0
BRDA:43,8,0,0
BRDA:43,8,1,0
BRDA:63,9,0,0
BRDA:63,9,1,0
BRDA:68,10,0,0
BRDA:68,10,1,0
BRDA:68,11,0,0
BRDA:68,11,1,0
BRDA:73,12,0,0
BRDA:73,12,1,0
BRDA:77,13,0,0
BRDA:77,13,1,0
BRDA:80,14,0,0
BRDA:80,14,1,0
BRDA:82,15,0,0
BRDA:82,15,1,0
BRDA:94,16,0,0
BRDA:94,16,1,0
BRDA:99,17,0,0
BRDA:99,17,1,0
BRDA:99,18,0,0
BRDA:99,18,1,0
BRDA:105,19,0,0
BRDA:105,19,1,0
BRDA:109,20,0,0
BRDA:109,20,1,0
BRDA:112,21,0,0
BRDA:112,21,1,0
BRDA:114,22,0,0
BRDA:114,22,1,0
BRDA:120,23,0,0
BRDA:120,23,1,0
BRDA:124,24,0,0
BRDA:124,24,1,0
BRDA:142,25,0,0
BRDA:142,25,1,0
BRDA:149,26,0,0
BRDA:149,26,1,0
BRDA:150,27,0,0
BRDA:150,27,1,0
BRDA:161,28,0,0
BRDA:161,28,1,0
BRDA:168,29,0,0
BRDA:168,29,1,0
BRDA:169,30,0,0
BRDA:169,30,1,0
BRF:63
BRH:0
end_of_record
TN:
SF:lib/useFollowRequest.ts
FN:27,usePendingFollowRequests
FN:28,(anonymous_1)
FN:32,(anonymous_2)
FN:48,useHasPendingRequest
FN:49,(anonymous_4)
FN:53,(anonymous_5)
FN:69,useSendFollowRequest
FN:71,(anonymous_7)
FN:74,(anonymous_8)
FN:88,(anonymous_9)
FN:96,useWithdrawFollowRequest
FN:98,(anonymous_11)
FN:101,(anonymous_12)
FN:110,(anonymous_13)
FN:117,useRespondFollowRequest
FN:119,(anonymous_15)
FN:122,(anonymous_16)
FN:154,(anonymous_17)
FNF:18
FNH:0
FNDA:0,usePendingFollowRequests
FNDA:0,(anonymous_1)
FNDA:0,(anonymous_2)
FNDA:0,useHasPendingRequest
FNDA:0,(anonymous_4)
FNDA:0,(anonymous_5)
FNDA:0,useSendFollowRequest
FNDA:0,(anonymous_7)
FNDA:0,(anonymous_8)
FNDA:0,(anonymous_9)
FNDA:0,useWithdrawFollowRequest
FNDA:0,(anonymous_11)
FNDA:0,(anonymous_12)
FNDA:0,(anonymous_13)
FNDA:0,useRespondFollowRequest
FNDA:0,(anonymous_15)
FNDA:0,(anonymous_16)
FNDA:0,(anonymous_17)
DA:28,0
DA:30,0
DA:33,0
DA:34,0
DA:39,0
DA:40,0
DA:49,0
DA:51,0
DA:54,0
DA:55,0
DA:61,0
DA:70,0
DA:71,0
DA:73,0
DA:75,0
DA:76,0
DA:79,0
DA:82,0
DA:89,0
DA:90,0
DA:97,0
DA:98,0
DA:100,0
DA:102,0
DA:103,0
DA:108,0
DA:111,0
DA:118,0
DA:119,0
DA:121,0
DA:127,0
DA:130,0
DA:136,0
DA:137,0
DA:139,0
DA:141,0
DA:144,0
DA:147,0
DA:155,0
DA:156,0
DA:157,0
LF:41
LH:0
BRDA:33,0,0,0
BRDA:33,0,1,0
BRDA:39,1,0,0
BRDA:39,1,1,0
BRDA:40,2,0,0
BRDA:40,2,1,0
BRDA:54,3,0,0
BRDA:54,3,1,0
BRDA:54,4,0,0
BRDA:54,4,1,0
BRDA:63,5,0,0
BRDA:63,5,1,0
BRDA:63,5,2,0
BRDA:75,6,0,0
BRDA:75,6,1,0
BRDA:79,7,0,0
BRDA:79,7,1,0
BRDA:102,8,0,0
BRDA:102,8,1,0
BRDA:108,9,0,0
BRDA:108,9,1,0
BRDA:127,10,0,0
BRDA:127,10,1,0
BRDA:130,11,0,0
BRDA:130,11,1,0
BRDA:137,12,0,0
BRDA:137,12,1,0
BRDA:139,13,0,0
BRDA:139,13,1,0
BRDA:144,14,0,0
BRDA:144,14,1,0
BRF:31
BRH:0
end_of_record
TN:
SF:lib/useGiftCatalog.ts
FN:55,rowToGift
FN:56,(anonymous_1)
FN:96,useGiftCatalog
FN:102,(anonymous_3)
FN:133,(anonymous_4)
FN:137,(anonymous_5)
FN:138,(anonymous_6)
FNF:7
FNH:0
FNDA:0,rowToGift
FNDA:0,(anonymous_1)
FNDA:0,useGiftCatalog
FNDA:0,(anonymous_3)
FNDA:0,(anonymous_4)
FNDA:0,(anonymous_5)
FNDA:0,(anonymous_6)
DA:56,0
DA:59,0
DA:62,0
DA:64,0
DA:97,0
DA:103,0
DA:108,0
DA:109,0
DA:111,0
DA:114,0
DA:117,0
DA:118,0
DA:124,0
DA:125,0
DA:128,0
DA:133,0
DA:134,0
DA:135,0
DA:136,0
DA:137,0
DA:139,0
DA:140,0
DA:141,0
DA:142,0
DA:146,0
LF:25
LH:0
BRDA:59,0,0,0
BRDA:59,0,1,0
BRDA:62,1,0,0
BRDA:62,1,1,0
BRDA:70,2,0,0
BRDA:70,2,1,0
BRDA:70,2,2,0
BRDA:76,3,0,0
BRDA:76,3,1,0
BRDA:79,4,0,0
BRDA:79,4,1,0
BRDA:80,5,0,0
BRDA:80,5,1,0
BRDA:80,5,2,0
BRDA:81,6,0,0
BRDA:81,6,1,0
BRDA:81,6,2,0
BRDA:108,7,0,0
BRDA:108,7,1,0
BRDA:109,8,0,0
BRDA:109,8,1,0
BRDA:114,9,0,0
BRDA:114,9,1,0
BRDA:125,10,0,0
BRDA:125,10,1,0
BRDA:134,11,0,0
BRDA:134,11,1,0
BRDA:139,12,0,0
BRDA:139,12,1,0
BRDA:140,13,0,0
BRDA:140,13,1,0
BRDA:141,14,0,0
BRDA:141,14,1,0
BRDA:148,15,0,0
BRDA:148,15,1,0
BRF:35
BRH:0
end_of_record
TN:
SF:lib/useGifts.ts
FN:21,useCoinsWallet
FN:22,(anonymous_1)
FN:27,(anonymous_2)
FN:44,(anonymous_3)
FN:60,useSendGift
FN:62,(anonymous_5)
FN:73,(anonymous_6)
FN:132,(anonymous_7)
FN:209,useGiftStream
FN:226,(anonymous_9)
FN:236,(anonymous_10)
FN:237,(anonymous_11)
FN:245,(anonymous_12)
FN:275,(anonymous_13)
FN:280,(anonymous_14)
FN:281,(anonymous_15)
FN:281,(anonymous_16)
FN:287,(anonymous_17)
FN:292,(anonymous_18)
FN:299,(anonymous_19)
FN:305,(anonymous_20)
FN:311,(anonymous_21)
FN:340,fetchTopGifters
FN:374,(anonymous_23)
FN:387,useTopGifters
FN:391,(anonymous_25)
FN:395,(anonymous_26)
FN:416,(anonymous_27)
FN:423,(anonymous_28)
FNF:29
FNH:0
FNDA:0,useCoinsWallet
FNDA:0,(anonymous_1)
FNDA:0,(anonymous_2)
FNDA:0,(anonymous_3)
FNDA:0,useSendGift
FNDA:0,(anonymous_5)
FNDA:0,(anonymous_6)
FNDA:0,(anonymous_7)
FNDA:0,useGiftStream
FNDA:0,(anonymous_9)
FNDA:0,(anonymous_10)
FNDA:0,(anonymous_11)
FNDA:0,(anonymous_12)
FNDA:0,(anonymous_13)
FNDA:0,(anonymous_14)
FNDA:0,(anonymous_15)
FNDA:0,(anonymous_16)
FNDA:0,(anonymous_17)
FNDA:0,(anonymous_18)
FNDA:0,(anonymous_19)
FNDA:0,(anonymous_20)
FNDA:0,(anonymous_21)
FNDA:0,fetchTopGifters
FNDA:0,(anonymous_23)
FNDA:0,useTopGifters
FNDA:0,(anonymous_25)
FNDA:0,(anonymous_26)
FNDA:0,(anonymous_27)
FNDA:0,(anonymous_28)
DA:17,0
DA:22,0
DA:23,0
DA:24,0
DA:25,0
DA:27,0
DA:28,0
DA:29,0
DA:30,0
DA:32,0
DA:37,0
DA:38,0
DA:39,0
DA:41,0
DA:44,0
DA:46,0
DA:61,0
DA:62,0
DA:69,0
DA:70,0
DA:71,0
DA:73,0
DA:79,0
DA:80,0
DA:81,0
DA:82,0
DA:88,0
DA:90,0
DA:95,0
DA:97,0
DA:98,0
DA:114,0
DA:117,0
DA:119,0
DA:123,0
DA:124,0
DA:126,0
DA:127,0
DA:130,0
DA:132,0
DA:133,0
DA:137,0
DA:138,0
DA:139,0
DA:140,0
DA:141,0
DA:142,0
DA:146,0
DA:149,0
DA:159,0
DA:160,0
DA:166,0
DA:169,0
DA:171,0
DA:172,0
DA:173,0
DA:174,0
DA:179,0
DA:181,0
DA:185,0
DA:210,0
DA:212,0
DA:214,0
DA:223,0
DA:224,0
DA:226,0
DA:227,0
DA:228,0
DA:230,0
DA:231,0
DA:233,0
DA:236,0
DA:237,0
DA:238,0
DA:241,0
DA:245,0
DA:246,0
DA:252,0
DA:257,0
DA:258,0
DA:259,0
DA:262,0
DA:264,0
DA:275,0
DA:278,0
DA:279,0
DA:280,0
DA:281,0
DA:284,0
DA:285,0
DA:287,0
DA:289,0
DA:292,0
DA:293,0
DA:295,0
DA:299,0
DA:300,0
DA:305,0
DA:306,0
DA:307,0
DA:311,0
DA:313,0
DA:314,0
DA:320,0
DA:321,0
DA:325,0
DA:341,0
DA:352,0
DA:355,0
DA:356,0
DA:357,0
DA:358,0
DA:359,0
DA:360,0
DA:361,0
DA:363,0
DA:373,0
DA:374,0
DA:388,0
DA:389,0
DA:391,0
DA:392,0
DA:395,0
DA:396,0
DA:397,0
DA:398,0
DA:401,0
DA:406,0
DA:418,0
DA:423,0
DA:426,0
LF:131
LH:0
BRDA:28,0,0,0
BRDA:28,0,1,0
BRDA:37,1,0,0
BRDA:37,1,1,0
BRDA:38,2,0,0
BRDA:38,2,1,0
BRDA:39,3,0,0
BRDA:39,3,1,0
BRDA:79,4,0,0
BRDA:79,4,1,0
BRDA:88,5,0,0
BRDA:88,5,1,0
BRDA:88,6,0,0
BRDA:88,6,1,0
BRDA:90,7,0,0
BRDA:90,7,1,0
BRDA:95,8,0,0
BRDA:95,8,1,0
BRDA:99,9,0,0
BRDA:99,9,1,0
BRDA:103,10,0,0
BRDA:103,10,1,0
BRDA:104,11,0,0
BRDA:104,11,1,0
BRDA:105,12,0,0
BRDA:105,12,1,0
BRDA:106,13,0,0
BRDA:106,13,1,0
BRDA:117,14,0,0
BRDA:117,14,1,0
BRDA:126,15,0,0
BRDA:126,15,1,0
BRDA:130,16,0,0
BRDA:130,16,1,0
BRDA:137,17,0,0
BRDA:137,17,1,0
BRDA:137,18,0,0
BRDA:137,18,1,0
BRDA:139,19,0,0
BRDA:139,19,1,0
BRDA:141,20,0,0
BRDA:141,20,1,0
BRDA:151,21,0,0
BRDA:151,21,1,0
BRDA:151,21,2,0
BRDA:159,22,0,0
BRDA:159,22,1,0
BRDA:166,23,0,0
BRDA:166,23,1,0
BRDA:171,24,0,0
BRDA:171,24,1,0
BRDA:172,25,0,0
BRDA:172,25,1,0
BRDA:174,26,0,0
BRDA:174,26,1,0
BRDA:228,27,0,0
BRDA:228,27,1,0
BRDA:233,28,0,0
BRDA:233,28,1,0
BRDA:233,29,0,0
BRDA:233,29,1,0
BRDA:238,30,0,0
BRDA:238,30,1,0
BRDA:257,31,0,0
BRDA:257,31,1,0
BRDA:257,32,0,0
BRDA:257,32,1,0
BRDA:259,33,0,0
BRDA:259,33,1,0
BRDA:279,34,0,0
BRDA:279,34,1,0
BRDA:284,35,0,0
BRDA:284,35,1,0
BRDA:293,36,0,0
BRDA:293,36,1,0
BRDA:306,37,0,0
BRDA:306,37,1,0
BRDA:352,38,0,0
BRDA:352,38,1,0
BRDA:358,39,0,0
BRDA:358,39,1,0
BRDA:359,40,0,0
BRDA:359,40,1,0
BRDA:365,41,0,0
BRDA:365,41,1,0
BRDA:387,42,0,0
BRDA:392,43,0,0
BRDA:392,43,1,0
BRF:88
BRH:0
end_of_record
TN:
SF:lib/useGuildLeaderboard.ts
FN:34,useGuildLeaderboard
FN:37,(anonymous_1)
FNF:2
FNH:0
FNDA:0,useGuildLeaderboard
FNDA:0,(anonymous_1)
DA:35,0
DA:38,0
DA:40,0
DA:44,0
DA:46,0
LF:5
LH:0
BRDA:38,0,0,0
BRDA:38,0,1,0
BRDA:44,1,0,0
BRDA:44,1,1,0
BRDA:47,2,0,0
BRDA:47,2,1,0
BRDA:48,3,0,0
BRDA:48,3,1,0
BRF:8
BRH:0
end_of_record
TN:
SF:lib/useGuildMemberCount.ts
FN:4,useGuildMemberCount
FN:7,(anonymous_1)
FNF:2
FNH:0
FNDA:0,useGuildMemberCount
FNDA:0,(anonymous_1)
DA:5,0
DA:8,0
DA:9,0
DA:13,0
LF:4
LH:0
BRDA:8,0,0,0
BRDA:8,0,1,0
BRDA:13,1,0,0
BRDA:13,1,1,0
BRF:4
BRH:0
end_of_record
TN:
SF:lib/useGuildMembers.ts
FN:10,useGuildMembers
FN:13,(anonymous_1)
FNF:2
FNH:0
FNDA:0,useGuildMembers
FNDA:0,(anonymous_1)
DA:11,0
DA:14,0
DA:15,0
DA:21,0
DA:22,0
LF:5
LH:0
BRDA:14,0,0,0
BRDA:14,0,1,0
BRDA:21,1,0,0
BRDA:21,1,1,0
BRDA:22,2,0,0
BRDA:22,2,1,0
BRF:6
BRH:0
end_of_record
TN:
SF:lib/useLike.ts
FN:6,formatCount
FN:14,useLike
FN:16,(anonymous_2)
FN:22,(anonymous_3)
FN:43,(anonymous_4)
FN:61,(anonymous_5)
FN:69,(anonymous_6)
FN:73,(anonymous_7)
FN:75,(anonymous_8)
FN:83,(anonymous_9)
FN:85,(anonymous_10)
FN:93,(anonymous_11)
FN:97,(anonymous_12)
FN:99,(anonymous_13)
FN:103,(anonymous_14)
FN:105,(anonymous_15)
FN:111,(anonymous_16)
FNF:17
FNH:0
FNDA:0,formatCount
FNDA:0,useLike
FNDA:0,(anonymous_2)
FNDA:0,(anonymous_3)
FNDA:0,(anonymous_4)
FNDA:0,(anonymous_5)
FNDA:0,(anonymous_6)
FNDA:0,(anonymous_7)
FNDA:0,(anonymous_8)
FNDA:0,(anonymous_9)
FNDA:0,(anonymous_10)
FNDA:0,(anonymous_11)
FNDA:0,(anonymous_12)
FNDA:0,(anonymous_13)
FNDA:0,(anonymous_14)
FNDA:0,(anonymous_15)
FNDA:0,(anonymous_16)
DA:7,0
DA:8,0
DA:9,0
DA:15,0
DA:16,0
DA:17,0
DA:20,0
DA:23,0
DA:24,0
DA:30,0
DA:41,0
DA:44,0
DA:48,0
DA:58,0
DA:59,0
DA:61,0
DA:62,0
DA:63,0
DA:64,0
DA:68,0
DA:70,0
DA:71,0
DA:72,0
DA:73,0
DA:76,0
DA:78,0
DA:84,0
DA:85,0
DA:86,0
DA:92,0
DA:94,0
DA:95,0
DA:96,0
DA:97,0
DA:100,0
DA:101,0
DA:104,0
DA:105,0
DA:106,0
DA:111,0
DA:112,0
DA:113,0
DA:114,0
DA:115,0
DA:118,0
LF:45
LH:0
BRDA:7,0,0,0
BRDA:7,0,1,0
BRDA:8,1,0,0
BRDA:8,1,1,0
BRDA:23,2,0,0
BRDA:23,2,1,0
BRDA:33,3,0,0
BRDA:33,3,1,0
BRDA:35,4,0,0
BRDA:35,4,1,0
BRDA:36,5,0,0
BRDA:36,5,1,0
BRDA:48,6,0,0
BRDA:48,6,1,0
BRDA:51,7,0,0
BRDA:51,7,1,0
BRDA:53,8,0,0
BRDA:53,8,1,0
BRDA:58,9,0,0
BRDA:58,9,1,0
BRDA:59,10,0,0
BRDA:59,10,1,0
BRDA:73,11,0,0
BRDA:76,12,0,0
BRDA:76,12,1,0
BRDA:85,13,0,0
BRDA:86,14,0,0
BRDA:86,14,1,0
BRDA:97,15,0,0
BRDA:100,16,0,0
BRDA:100,16,1,0
BRDA:105,17,0,0
BRDA:106,18,0,0
BRDA:106,18,1,0
BRDA:112,19,0,0
BRDA:112,19,1,0
BRDA:113,20,0,0
BRDA:113,20,1,0
BRDA:113,21,0,0
BRDA:113,21,1,0
BRDA:114,22,0,0
BRDA:114,22,1,0
BRDA:123,23,0,0
BRDA:123,23,1,0
BRF:44
BRH:0
end_of_record
TN:
SF:lib/useLiveClips.ts
FN:61,secondsSinceStart
FN:75,useCreateClipMarker
FN:76,(anonymous_2)
FN:80,(anonymous_3)
FN:93,(anonymous_4)
FN:104,useSessionClipMarkers
FN:109,(anonymous_6)
FN:121,(anonymous_7)
FN:135,useSessionClipHotspots
FN:140,(anonymous_9)
FN:152,(anonymous_10)
FN:169,useClipNow
FN:172,(anonymous_12)
FN:184,useTopHotspots
FN:186,(anonymous_14)
FNF:15
FNH:0
FNDA:0,secondsSinceStart
FNDA:0,useCreateClipMarker
FNDA:0,(anonymous_2)
FNDA:0,(anonymous_3)
FNDA:0,(anonymous_4)
FNDA:0,useSessionClipMarkers
FNDA:0,(anonymous_6)
FNDA:0,(anonymous_7)
FNDA:0,useSessionClipHotspots
FNDA:0,(anonymous_9)
FNDA:0,(anonymous_10)
FNDA:0,useClipNow
FNDA:0,(anonymous_12)
FNDA:0,useTopHotspots
FNDA:0,(anonymous_14)
DA:62,0
DA:63,0
DA:64,0
DA:65,0
DA:76,0
DA:77,0
DA:79,0
DA:81,0
DA:82,0
DA:91,0
DA:94,0
DA:95,0
DA:99,0
DA:105,0
DA:110,0
DA:111,0
DA:117,0
DA:118,0
DA:119,0
DA:121,0
DA:136,0
DA:141,0
DA:142,0
DA:148,0
DA:149,0
DA:150,0
DA:152,0
DA:170,0
DA:172,0
DA:173,0
DA:174,0
DA:175,0
DA:178,0
DA:185,0
DA:186,0
LF:35
LH:0
BRDA:62,0,0,0
BRDA:62,0,1,0
BRDA:64,1,0,0
BRDA:64,1,1,0
BRDA:81,2,0,0
BRDA:81,2,1,0
BRDA:88,3,0,0
BRDA:88,3,1,0
BRDA:91,4,0,0
BRDA:91,4,1,0
BRDA:91,5,0,0
BRDA:91,5,1,0
BRDA:104,6,0,0
BRDA:110,7,0,0
BRDA:110,7,1,0
BRDA:117,8,0,0
BRDA:117,8,1,0
BRDA:118,9,0,0
BRDA:118,9,1,0
BRDA:121,10,0,0
BRDA:121,10,1,0
BRDA:141,11,0,0
BRDA:141,11,1,0
BRDA:148,12,0,0
BRDA:148,12,1,0
BRDA:149,13,0,0
BRDA:149,13,1,0
BRDA:152,14,0,0
BRDA:152,14,1,0
BRDA:173,15,0,0
BRDA:173,15,1,0
BRDA:184,16,0,0
BRDA:186,17,0,0
BRDA:186,17,1,0
BRF:34
BRH:0
end_of_record
TN:
SF:lib/useLiveFaceDetection.ts
FN:31,useLiveFaceDetection
FN:51,(anonymous_1)
FN:52,(anonymous_2)
FN:53,(anonymous_3)
FN:55,(anonymous_4)
FN:80,(anonymous_5)
FN:120,(anonymous_6)
FN:125,(anonymous_7)
FN:139,(anonymous_8)
FN:141,(anonymous_9)
FNF:10
FNH:0
FNDA:0,useLiveFaceDetection
FNDA:0,(anonymous_1)
FNDA:0,(anonymous_2)
FNDA:0,(anonymous_3)
FNDA:0,(anonymous_4)
FNDA:0,(anonymous_5)
FNDA:0,(anonymous_6)
FNDA:0,(anonymous_7)
FNDA:0,(anonymous_8)
FNDA:0,(anonymous_9)
DA:41,0
DA:42,0
DA:45,0
DA:46,0
DA:47,0
DA:48,0
DA:51,0
DA:52,0
DA:53,0
DA:55,0
DA:56,0
DA:57,0
DA:59,0
DA:60,0
DA:61,0
DA:65,0
DA:67,0
DA:69,0
DA:76,0
DA:78,0
DA:79,0
DA:80,0
DA:82,0
DA:83,0
DA:84,0
DA:86,0
DA:103,0
DA:104,0
DA:105,0
DA:106,0
DA:109,0
DA:110,0
DA:117,0
DA:119,0
DA:120,0
DA:125,0
DA:126,0
DA:127,0
DA:128,0
DA:129,0
DA:133,0
DA:136,0
DA:139,0
DA:141,0
DA:142,0
DA:143,0
DA:147,0
LF:47
LH:0
BRDA:56,0,0,0
BRDA:56,0,1,0
BRDA:56,1,0,0
BRDA:56,1,1,0
BRDA:56,1,2,0
BRDA:67,2,0,0
BRDA:67,2,1,0
BRDA:76,3,0,0
BRDA:76,3,1,0
BRDA:82,4,0,0
BRDA:82,4,1,0
BRDA:93,5,0,0
BRDA:93,5,1,0
BRDA:94,6,0,0
BRDA:94,6,1,0
BRDA:95,7,0,0
BRDA:95,7,1,0
BRDA:96,8,0,0
BRDA:96,8,1,0
BRDA:97,9,0,0
BRDA:97,9,1,0
BRDA:98,10,0,0
BRDA:98,10,1,0
BRDA:99,11,0,0
BRDA:99,11,1,0
BRDA:100,12,0,0
BRDA:100,12,1,0
BRDA:104,13,0,0
BRDA:104,13,1,0
BRDA:109,14,0,0
BRDA:109,14,1,0
BRDA:119,15,0,0
BRDA:119,15,1,0
BRDA:126,16,0,0
BRDA:126,16,1,0
BRF:35
BRH:0
end_of_record
TN:
SF:lib/useLiveGoal.ts
FN:26,useLiveGoal
FN:32,(anonymous_1)
FN:41,(anonymous_2)
FN:64,(anonymous_3)
FN:79,(anonymous_4)
FN:99,(anonymous_5)
FN:112,setLiveGoal
FN:151,incrementGoalProgress
FNF:8
FNH:0
FNDA:0,useLiveGoal
FNDA:0,(anonymous_1)
FNDA:0,(anonymous_2)
FNDA:0,(anonymous_3)
FNDA:0,(anonymous_4)
FNDA:0,(anonymous_5)
FNDA:0,setLiveGoal
FNDA:0,incrementGoalProgress
DA:27,0
DA:28,0
DA:29,0
DA:32,0
DA:33,0
DA:36,0
DA:42,0
DA:43,0
DA:54,0
DA:65,0
DA:73,0
DA:74,0
DA:77,0
DA:78,0
DA:79,0
DA:81,0
DA:83,0
DA:90,0
DA:92,0
DA:93,0
DA:99,0
DA:100,0
DA:104,0
DA:116,0
DA:118,0
DA:128,0
DA:131,0
DA:160,0
DA:170,0
DA:172,0
DA:173,0
DA:175,0
LF:32
LH:0
BRDA:33,0,0,0
BRDA:33,0,1,0
BRDA:42,1,0,0
BRDA:42,1,1,0
BRDA:42,2,0,0
BRDA:42,2,1,0
BRDA:46,3,0,0
BRDA:46,3,1,0
BRDA:47,4,0,0
BRDA:47,4,1,0
BRDA:48,5,0,0
BRDA:48,5,1,0
BRDA:73,6,0,0
BRDA:73,6,1,0
BRDA:73,7,0,0
BRDA:73,7,1,0
BRDA:74,8,0,0
BRDA:74,8,1,0
BRDA:77,9,0,0
BRDA:77,9,1,0
BRDA:77,10,0,0
BRDA:77,10,1,0
BRDA:86,11,0,0
BRDA:86,11,1,0
BRDA:87,12,0,0
BRDA:87,12,1,0
BRDA:90,13,0,0
BRDA:90,13,1,0
BRDA:116,14,0,0
BRDA:116,14,1,0
BRDA:170,15,0,0
BRDA:170,15,1,0
BRDA:172,16,0,0
BRDA:172,16,1,0
BRDA:173,17,0,0
BRDA:173,17,1,0
BRF:36
BRH:0
end_of_record
TN:
SF:lib/useLiveModerators.ts
FN:25,useLiveModerators
FN:29,(anonymous_1)
FN:38,(anonymous_2)
FN:48,(anonymous_3)
FN:66,(anonymous_4)
FN:69,(anonymous_5)
FN:86,(anonymous_6)
FN:89,(anonymous_7)
FN:100,(anonymous_8)
FN:107,(anonymous_9)
FN:116,useLiveModeratorActions
FN:120,(anonymous_11)
FN:129,(anonymous_12)
FN:134,(anonymous_13)
FN:140,(anonymous_14)
FN:149,(anonymous_15)
FN:154,(anonymous_16)
FN:159,(anonymous_17)
FN:160,(anonymous_18)
FN:163,(anonymous_19)
FNF:20
FNH:0
FNDA:0,useLiveModerators
FNDA:0,(anonymous_1)
FNDA:0,(anonymous_2)
FNDA:0,(anonymous_3)
FNDA:0,(anonymous_4)
FNDA:0,(anonymous_5)
FNDA:0,(anonymous_6)
FNDA:0,(anonymous_7)
FNDA:0,(anonymous_8)
FNDA:0,(anonymous_9)
FNDA:0,useLiveModeratorActions
FNDA:0,(anonymous_11)
FNDA:0,(anonymous_12)
FNDA:0,(anonymous_13)
FNDA:0,(anonymous_14)
FNDA:0,(anonymous_15)
FNDA:0,(anonymous_16)
FNDA:0,(anonymous_17)
FNDA:0,(anonymous_18)
FNDA:0,(anonymous_19)
DA:26,0
DA:27,0
DA:29,0
DA:30,0
DA:31,0
DA:32,0
DA:33,0
DA:36,0
DA:38,0
DA:39,0
DA:43,0
DA:44,0
DA:45,0
DA:46,0
DA:48,0
DA:50,0
DA:53,0
DA:56,0
DA:67,0
DA:68,0
DA:69,0
DA:70,0
DA:71,0
DA:72,0
DA:73,0
DA:87,0
DA:88,0
DA:89,0
DA:90,0
DA:91,0
DA:92,0
DA:93,0
DA:100,0
DA:101,0
DA:102,0
DA:106,0
DA:107,0
DA:111,0
DA:117,0
DA:119,0
DA:121,0
DA:122,0
DA:126,0
DA:127,0
DA:130,0
DA:131,0
DA:132,0
DA:135,0
DA:139,0
DA:141,0
DA:142,0
DA:146,0
DA:147,0
DA:150,0
DA:151,0
DA:152,0
DA:155,0
DA:159,0
DA:160,0
DA:162,0
DA:163,0
LF:61
LH:0
BRDA:30,0,0,0
BRDA:30,0,1,0
BRDA:43,1,0,0
BRDA:43,1,1,0
BRDA:44,2,0,0
BRDA:44,2,1,0
BRDA:45,3,0,0
BRDA:45,3,1,0
BRDA:48,4,0,0
BRDA:48,4,1,0
BRDA:68,5,0,0
BRDA:68,5,1,0
BRDA:70,6,0,0
BRDA:70,6,1,0
BRDA:88,7,0,0
BRDA:88,7,1,0
BRDA:90,8,0,0
BRDA:90,8,1,0
BRDA:107,9,0,0
BRDA:107,9,1,0
BRDA:121,10,0,0
BRDA:121,10,1,0
BRDA:126,11,0,0
BRDA:126,11,1,0
BRDA:130,12,0,0
BRDA:130,12,1,0
BRDA:131,13,0,0
BRDA:131,13,1,0
BRDA:141,14,0,0
BRDA:141,14,1,0
BRDA:146,15,0,0
BRDA:146,15,1,0
BRDA:150,16,0,0
BRDA:150,16,1,0
BRDA:151,17,0,0
BRDA:151,17,1,0
BRDA:166,18,0,0
BRDA:166,18,1,0
BRF:38
BRH:0
end_of_record
TN:
SF:lib/useLiveOverlayPosition.ts
FN:33,useLiveOverlayPosition
FN:40,(anonymous_1)
FN:48,(anonymous_2)
FN:59,(anonymous_3)
FN:70,(anonymous_4)
FNF:5
FNH:0
FNDA:0,useLiveOverlayPosition
FNDA:0,(anonymous_1)
FNDA:0,(anonymous_2)
FNDA:0,(anonymous_3)
FNDA:0,(anonymous_4)
DA:37,0
DA:38,0
DA:40,0
DA:41,0
DA:43,0
DA:47,0
DA:49,0
DA:50,0
DA:51,0
DA:52,0
DA:57,0
DA:59,0
DA:60,0
DA:61,0
DA:69,0
DA:71,0
DA:72,0
DA:73,0
DA:74,0
DA:80,0
DA:86,0
LF:21
LH:0
BRDA:41,0,0,0
BRDA:41,0,1,0
BRDA:50,1,0,0
BRDA:50,1,1,0
BRDA:51,2,0,0
BRDA:51,2,1,0
BRDA:51,3,0,0
BRDA:51,3,1,0
BRDA:72,4,0,0
BRDA:72,4,1,0
BRDA:80,5,0,0
BRDA:80,5,1,0
BRF:12
BRH:0
end_of_record
TN:
SF:lib/useLivePlacedProducts.ts
FN:59,mapRow
FN:78,useActivePlacedProducts
FN:85,(anonymous_2)
FN:102,(anonymous_3)
FN:103,(anonymous_4)
FN:108,(anonymous_5)
FN:120,(anonymous_6)
FN:123,(anonymous_7)
FN:134,usePlacedProductActions
FN:135,(anonymous_9)
FN:138,(anonymous_10)
FN:144,(anonymous_11)
FN:167,(anonymous_12)
FN:176,(anonymous_13)
FN:182,(anonymous_14)
FN:187,(anonymous_15)
FN:194,(anonymous_16)
FN:201,(anonymous_17)
FN:207,(anonymous_18)
FN:212,(anonymous_19)
FN:218,(anonymous_20)
FNF:21
FNH:0
FNDA:0,mapRow
FNDA:0,useActivePlacedProducts
FNDA:0,(anonymous_2)
FNDA:0,(anonymous_3)
FNDA:0,(anonymous_4)
FNDA:0,(anonymous_5)
FNDA:0,(anonymous_6)
FNDA:0,(anonymous_7)
FNDA:0,usePlacedProductActions
FNDA:0,(anonymous_9)
FNDA:0,(anonymous_10)
FNDA:0,(anonymous_11)
FNDA:0,(anonymous_12)
FNDA:0,(anonymous_13)
FNDA:0,(anonymous_14)
FNDA:0,(anonymous_15)
FNDA:0,(anonymous_16)
FNDA:0,(anonymous_17)
FNDA:0,(anonymous_18)
FNDA:0,(anonymous_19)
FNDA:0,(anonymous_20)
DA:60,0
DA:61,0
DA:79,0
DA:81,0
DA:86,0
DA:87,0
DA:97,0
DA:98,0
DA:99,0
DA:101,0
DA:102,0
DA:103,0
DA:108,0
DA:109,0
DA:110,0
DA:120,0
DA:123,0
DA:126,0
DA:135,0
DA:136,0
DA:138,0
DA:139,0
DA:143,0
DA:147,0
DA:148,0
DA:157,0
DA:159,0
DA:166,0
DA:170,0
DA:174,0
DA:177,0
DA:178,0
DA:179,0
DA:180,0
DA:182,0
DA:185,0
DA:188,0
DA:193,0
DA:195,0
DA:199,0
DA:202,0
DA:203,0
DA:204,0
DA:205,0
DA:207,0
DA:210,0
DA:213,0
DA:218,0
LF:48
LH:0
BRDA:60,0,0,0
BRDA:60,0,1,0
BRDA:86,1,0,0
BRDA:86,1,1,0
BRDA:97,2,0,0
BRDA:97,2,1,0
BRDA:98,3,0,0
BRDA:98,3,1,0
BRDA:101,4,0,0
BRDA:101,4,1,0
BRDA:109,5,0,0
BRDA:109,5,1,0
BRDA:127,6,0,0
BRDA:127,6,1,0
BRDA:147,7,0,0
BRDA:147,7,1,0
BRDA:147,8,0,0
BRDA:147,8,1,0
BRDA:154,9,0,0
BRDA:154,9,1,0
BRDA:155,10,0,0
BRDA:155,10,1,0
BRDA:157,11,0,0
BRDA:157,11,1,0
BRDA:159,12,0,0
BRDA:159,12,1,0
BRDA:174,13,0,0
BRDA:174,13,1,0
BRDA:179,14,0,0
BRDA:179,14,1,0
BRDA:182,15,0,0
BRDA:182,15,1,0
BRDA:188,16,0,0
BRDA:188,16,1,0
BRDA:199,17,0,0
BRDA:199,17,1,0
BRDA:204,18,0,0
BRDA:204,18,1,0
BRDA:213,19,0,0
BRDA:213,19,1,0
BRF:40
BRH:0
end_of_record
TN:
SF:lib/useLivePolls.ts
FN:50,useActiveLivePoll
FN:51,(anonymous_1)
FN:58,(anonymous_2)
FN:93,(anonymous_3)
FN:110,(anonymous_4)
FN:119,(anonymous_5)
FN:125,(anonymous_6)
FN:130,(anonymous_7)
FN:138,(anonymous_8)
FN:144,(anonymous_9)
FN:149,(anonymous_10)
FN:158,(anonymous_11)
FN:175,(anonymous_12)
FN:183,(anonymous_13)
FN:190,(anonymous_14)
FN:208,useCreateLivePoll
FN:209,(anonymous_16)
FN:213,(anonymous_17)
FN:222,(anonymous_18)
FN:222,(anonymous_19)
FN:251,(anonymous_20)
FN:261,useCloseLivePoll
FN:265,(anonymous_22)
FN:274,(anonymous_23)
FN:284,pollPercentage
FN:291,pollLeadingOption
FNF:26
FNH:0
FNDA:0,useActiveLivePoll
FNDA:0,(anonymous_1)
FNDA:0,(anonymous_2)
FNDA:0,(anonymous_3)
FNDA:0,(anonymous_4)
FNDA:0,(anonymous_5)
FNDA:0,(anonymous_6)
FNDA:0,(anonymous_7)
FNDA:0,(anonymous_8)
FNDA:0,(anonymous_9)
FNDA:0,(anonymous_10)
FNDA:0,(anonymous_11)
FNDA:0,(anonymous_12)
FNDA:0,(anonymous_13)
FNDA:0,(anonymous_14)
FNDA:0,useCreateLivePoll
FNDA:0,(anonymous_16)
FNDA:0,(anonymous_17)
FNDA:0,(anonymous_18)
FNDA:0,(anonymous_19)
FNDA:0,(anonymous_20)
FNDA:0,useCloseLivePoll
FNDA:0,(anonymous_22)
FNDA:0,(anonymous_23)
FNDA:0,pollPercentage
FNDA:0,pollLeadingOption
DA:51,0
DA:52,0
DA:54,0
DA:59,0
DA:60,0
DA:63,0
DA:64,0
DA:65,0
DA:67,0
DA:68,0
DA:69,0
DA:70,0
DA:71,0
DA:72,0
DA:73,0
DA:75,0
DA:86,0
DA:89,0
DA:94,0
DA:95,0
DA:101,0
DA:102,0
DA:103,0
DA:105,0
DA:110,0
DA:111,0
DA:113,0
DA:120,0
DA:125,0
DA:130,0
DA:131,0
DA:133,0
DA:139,0
DA:144,0
DA:148,0
DA:150,0
DA:151,0
DA:152,0
DA:156,0
DA:160,0
DA:161,0
DA:162,0
DA:164,0
DA:165,0
DA:166,0
DA:173,0
DA:176,0
DA:177,0
DA:179,0
DA:180,0
DA:184,0
DA:185,0
DA:189,0
DA:191,0
DA:192,0
DA:197,0
DA:209,0
DA:210,0
DA:212,0
DA:218,0
DA:219,0
DA:220,0
DA:222,0
DA:223,0
DA:224,0
DA:232,0
DA:238,0
DA:248,0
DA:249,0
DA:252,0
DA:256,0
DA:262,0
DA:264,0
DA:266,0
DA:271,0
DA:272,0
DA:275,0
DA:279,0
DA:285,0
DA:286,0
DA:287,0
DA:292,0
DA:293,0
DA:294,0
DA:295,0
DA:296,0
DA:297,0
DA:298,0
DA:301,0
LF:89
LH:0
BRDA:59,0,0,0
BRDA:59,0,1,0
BRDA:63,1,0,0
BRDA:63,1,1,0
BRDA:64,2,0,0
BRDA:64,2,1,0
BRDA:67,3,0,0
BRDA:67,3,1,0
BRDA:71,4,0,0
BRDA:71,4,1,0
BRDA:86,5,0,0
BRDA:86,5,1,0
BRDA:91,6,0,0
BRDA:91,6,1,0
BRDA:94,7,0,0
BRDA:94,7,1,0
BRDA:94,8,0,0
BRDA:94,8,1,0
BRDA:101,9,0,0
BRDA:101,9,1,0
BRDA:102,10,0,0
BRDA:102,10,1,0
BRDA:105,11,0,0
BRDA:105,11,1,0
BRDA:111,12,0,0
BRDA:111,12,1,0
BRDA:131,13,0,0
BRDA:131,13,1,0
BRDA:150,14,0,0
BRDA:150,14,1,0
BRDA:151,15,0,0
BRDA:151,15,1,0
BRDA:156,16,0,0
BRDA:156,16,1,0
BRDA:156,17,0,0
BRDA:156,17,1,0
BRDA:165,18,0,0
BRDA:165,18,1,0
BRDA:165,19,0,0
BRDA:165,19,1,0
BRDA:168,20,0,0
BRDA:168,20,1,0
BRDA:176,21,0,0
BRDA:176,21,1,0
BRDA:179,22,0,0
BRDA:179,22,1,0
BRDA:191,23,0,0
BRDA:191,23,1,0
BRDA:191,24,0,0
BRDA:191,24,1,0
BRDA:198,25,0,0
BRDA:198,25,1,0
BRDA:199,26,0,0
BRDA:199,26,1,0
BRDA:218,27,0,0
BRDA:218,27,1,0
BRDA:219,28,0,0
BRDA:219,28,1,0
BRDA:219,29,0,0
BRDA:219,29,1,0
BRDA:223,30,0,0
BRDA:223,30,1,0
BRDA:248,31,0,0
BRDA:248,31,1,0
BRDA:271,32,0,0
BRDA:271,32,1,0
BRDA:285,33,0,0
BRDA:285,33,1,0
BRDA:285,34,0,0
BRDA:285,34,1,0
BRDA:286,35,0,0
BRDA:286,35,1,0
BRDA:292,36,0,0
BRDA:292,36,1,0
BRDA:292,37,0,0
BRDA:292,37,1,0
BRDA:296,38,0,0
BRDA:296,38,1,0
BRDA:301,39,0,0
BRDA:301,39,1,0
BRF:80
BRH:0
end_of_record
TN:
SF:lib/useLiveRecording.ts
FN:67,mapRecording
FN:95,useToggleRecording
FN:99,(anonymous_2)
FN:106,(anonymous_3)
FN:112,(anonymous_4)
FN:119,(anonymous_5)
FN:139,useRecordingStatus
FN:146,(anonymous_7)
FN:162,(anonymous_8)
FN:169,(anonymous_9)
FN:174,(anonymous_10)
FN:186,useReplayForSession
FN:191,(anonymous_12)
FN:208,useReplay
FN:213,(anonymous_14)
FN:235,useHostRecordings
FN:240,(anonymous_16)
FN:252,(anonymous_17)
FN:260,incrementReplayViews
FN:269,useDeleteRecording
FN:270,(anonymous_20)
FN:274,(anonymous_21)
FN:285,(anonymous_22)
FN:297,useToggleRecordingPublic
FN:301,(anonymous_24)
FN:308,(anonymous_25)
FN:320,isReplayPlayable
FN:325,recordingStatusLabel
FNF:28
FNH:0
FNDA:0,mapRecording
FNDA:0,useToggleRecording
FNDA:0,(anonymous_2)
FNDA:0,(anonymous_3)
FNDA:0,(anonymous_4)
FNDA:0,(anonymous_5)
FNDA:0,useRecordingStatus
FNDA:0,(anonymous_7)
FNDA:0,(anonymous_8)
FNDA:0,(anonymous_9)
FNDA:0,(anonymous_10)
FNDA:0,useReplayForSession
FNDA:0,(anonymous_12)
FNDA:0,useReplay
FNDA:0,(anonymous_14)
FNDA:0,useHostRecordings
FNDA:0,(anonymous_16)
FNDA:0,(anonymous_17)
FNDA:0,incrementReplayViews
FNDA:0,useDeleteRecording
FNDA:0,(anonymous_20)
FNDA:0,(anonymous_21)
FNDA:0,(anonymous_22)
FNDA:0,useToggleRecordingPublic
FNDA:0,(anonymous_24)
FNDA:0,(anonymous_25)
FNDA:0,isReplayPlayable
FNDA:0,recordingStatusLabel
DA:68,0
DA:96,0
DA:98,0
DA:100,0
DA:103,0
DA:104,0
DA:107,0
DA:111,0
DA:113,0
DA:116,0
DA:117,0
DA:120,0
DA:124,0
DA:140,0
DA:142,0
DA:147,0
DA:148,0
DA:153,0
DA:154,0
DA:155,0
DA:157,0
DA:162,0
DA:163,0
DA:164,0
DA:170,0
DA:174,0
DA:177,0
DA:187,0
DA:192,0
DA:193,0
DA:198,0
DA:199,0
DA:200,0
DA:202,0
DA:209,0
DA:214,0
DA:215,0
DA:220,0
DA:221,0
DA:222,0
DA:224,0
DA:236,0
DA:241,0
DA:242,0
DA:248,0
DA:249,0
DA:250,0
DA:252,0
DA:261,0
DA:264,0
DA:270,0
DA:271,0
DA:273,0
DA:275,0
DA:277,0
DA:282,0
DA:286,0
DA:287,0
DA:288,0
DA:292,0
DA:298,0
DA:300,0
DA:302,0
DA:306,0
DA:309,0
DA:310,0
DA:314,0
DA:321,0
DA:326,0
DA:327,0
DA:328,0
DA:329,0
DA:330,0
DA:331,0
LF:74
LH:0
BRDA:103,0,0,0
BRDA:103,0,1,0
BRDA:116,1,0,0
BRDA:116,1,1,0
BRDA:129,2,0,0
BRDA:129,2,1,0
BRDA:147,3,0,0
BRDA:147,3,1,0
BRDA:153,4,0,0
BRDA:153,4,1,0
BRDA:154,5,0,0
BRDA:154,5,1,0
BRDA:157,6,0,0
BRDA:157,6,1,0
BRDA:163,7,0,0
BRDA:163,7,1,0
BRDA:177,8,0,0
BRDA:177,8,1,0
BRDA:192,9,0,0
BRDA:192,9,1,0
BRDA:198,10,0,0
BRDA:198,10,1,0
BRDA:199,11,0,0
BRDA:199,11,1,0
BRDA:202,12,0,0
BRDA:202,12,1,0
BRDA:214,13,0,0
BRDA:214,13,1,0
BRDA:220,14,0,0
BRDA:220,14,1,0
BRDA:221,15,0,0
BRDA:221,15,1,0
BRDA:224,16,0,0
BRDA:224,16,1,0
BRDA:235,17,0,0
BRDA:241,18,0,0
BRDA:241,18,1,0
BRDA:248,19,0,0
BRDA:248,19,1,0
BRDA:249,20,0,0
BRDA:249,20,1,0
BRDA:252,21,0,0
BRDA:252,21,1,0
BRDA:264,22,0,0
BRDA:264,22,1,0
BRDA:264,23,0,0
BRDA:264,23,1,0
BRDA:275,24,0,0
BRDA:275,24,1,0
BRDA:282,25,0,0
BRDA:282,25,1,0
BRDA:306,26,0,0
BRDA:306,26,1,0
BRDA:321,27,0,0
BRDA:321,27,1,0
BRDA:321,27,2,0
BRDA:326,28,0,0
BRDA:326,28,1,0
BRDA:326,28,2,0
BRDA:326,28,3,0
BRDA:326,28,4,0
BRF:61
BRH:0
end_of_record
TN:
SF:lib/useLiveSession.ts
FN:72,useActiveLiveSessions
FN:76,(anonymous_1)
FN:82,(anonymous_2)
FN:89,(anonymous_3)
FN:94,(anonymous_4)
FN:107,(anonymous_5)
FN:121,(anonymous_6)
FN:131,(anonymous_7)
FN:140,useLiveSession
FN:145,(anonymous_9)
FN:157,(anonymous_10)
FN:162,(anonymous_11)
FN:167,(anonymous_12)
FN:199,(anonymous_13)
FN:208,useViewerCount
FN:218,fetchLiveKitToken
FN:253,(anonymous_16)
FN:278,(anonymous_17)
FN:283,(anonymous_18)
FN:324,useLiveHost
FN:333,(anonymous_20)
FN:387,(anonymous_21)
FN:389,(anonymous_22)
FN:405,(anonymous_23)
FN:429,(anonymous_24)
FN:444,(anonymous_25)
FN:461,useLiveViewer
FN:464,(anonymous_27)
FN:470,(anonymous_28)
FN:474,(anonymous_29)
FN:476,(anonymous_30)
FN:492,useLiveComments
FN:510,(anonymous_32)
FN:518,(anonymous_33)
FN:525,(anonymous_34)
FN:535,(anonymous_35)
FN:550,(anonymous_36)
FN:562,(anonymous_37)
FN:566,(anonymous_38)
FN:575,(anonymous_39)
FN:584,(anonymous_40)
FN:590,(anonymous_41)
FN:592,(anonymous_42)
FN:592,(anonymous_43)
FN:598,(anonymous_44)
FN:606,(anonymous_45)
FN:606,(anonymous_46)
FN:612,(anonymous_47)
FN:622,(anonymous_48)
FN:630,(anonymous_49)
FN:670,(anonymous_50)
FN:678,(anonymous_51)
FN:699,(anonymous_52)
FN:705,(anonymous_53)
FN:715,(anonymous_54)
FN:724,(anonymous_55)
FN:726,(anonymous_56)
FN:726,(anonymous_57)
FN:742,useChatModeration
FN:745,(anonymous_59)
FN:751,(anonymous_60)
FN:758,(anonymous_61)
FN:786,(anonymous_62)
FN:806,(anonymous_63)
FN:825,makeSystemEvent
FN:838,useLiveReactions
FN:850,(anonymous_66)
FN:851,(anonymous_67)
FN:858,(anonymous_68)
FN:866,(anonymous_69)
FN:869,(anonymous_70)
FN:875,(anonymous_71)
FN:876,(anonymous_72)
FN:876,(anonymous_73)
FN:877,(anonymous_74)
FN:885,(anonymous_75)
FN:899,(anonymous_76)
FN:911,(anonymous_77)
FN:917,(anonymous_78)
FN:918,(anonymous_79)
FN:918,(anonymous_80)
FN:919,(anonymous_81)
[...]
BRDA:240,26,0,0
BRDA:240,26,1,0
BRDA:244,27,0,0
BRDA:244,27,1,0
BRDA:248,28,0,0
BRDA:248,28,1,0
BRDA:264,29,0,0
BRDA:264,29,1,0
BRDA:292,30,0,0
BRDA:292,30,1,0
BRDA:293,31,0,0
BRDA:293,31,1,0
BRDA:296,32,0,0
BRDA:296,32,1,0
BRDA:310,33,0,0
BRDA:310,33,1,0
BRDA:311,34,0,0
BRDA:311,34,1,0
BRF:70
BRH:0
end_of_record
TN:
SF:lib/useShare.ts
FN:4,sharePost
FN:33,shareUser
FN:59,sharePostViaDM
FNF:3
FNH:0
FNDA:0,sharePost
FNDA:0,shareUser
FNDA:0,sharePostViaDM
DA:5,0
DA:9,0
DA:11,0
DA:13,0
DA:16,0
DA:19,0
DA:20,0
DA:23,0
DA:25,0
DA:26,0
DA:27,0
DA:34,0
DA:38,0
DA:40,0
DA:42,0
DA:45,0
DA:46,0
DA:48,0
DA:49,0
DA:50,0
DA:65,0
DA:67,0
DA:76,0
DA:78,0
DA:79,0
DA:84,0
DA:85,0
DA:89,0
DA:93,0
DA:102,0
DA:105,0
DA:107,0
DA:109,0
DA:110,0
DA:111,0
LF:35
LH:0
BRDA:5,0,0,0
BRDA:5,0,1,0
BRDA:13,1,0,0
BRDA:13,1,1,0
BRDA:19,2,0,0
BRDA:19,2,1,0
BRDA:25,3,0,0
BRDA:25,3,1,0
BRDA:26,4,0,0
BRDA:26,4,1,0
BRDA:26,5,0,0
BRDA:26,5,1,0
BRDA:27,6,0,0
BRDA:27,6,1,0
BRDA:34,7,0,0
BRDA:34,7,1,0
BRDA:42,8,0,0
BRDA:42,8,1,0
BRDA:48,9,0,0
BRDA:48,9,1,0
BRDA:49,10,0,0
BRDA:49,10,1,0
BRDA:49,11,0,0
BRDA:49,11,1,0
BRDA:50,12,0,0
BRDA:50,12,1,0
BRDA:78,13,0,0
BRDA:78,13,1,0
BRDA:84,14,0,0
BRDA:84,14,1,0
BRDA:89,15,0,0
BRDA:89,15,1,0
BRDA:90,16,0,0
BRDA:90,16,1,0
BRDA:102,17,0,0
BRDA:102,17,1,0
BRDA:109,18,0,0
BRDA:109,18,1,0
BRF:38
BRH:0
end_of_record
TN:
SF:lib/useShop.ts
FN:80,useMyProducts
FN:81,(anonymous_1)
FN:86,(anonymous_2)
FN:100,useShopProducts
FN:108,(anonymous_4)
FN:123,useCreateProduct
FN:124,(anonymous_6)
FN:128,(anonymous_7)
FN:138,(anonymous_8)
FN:146,useUpdateProduct
FN:149,(anonymous_10)
FN:159,(anonymous_11)
FN:168,useToggleProduct
FN:171,(anonymous_13)
FN:178,(anonymous_14)
FN:187,useDeleteProduct
FN:190,(anonymous_16)
FN:194,(anonymous_17)
FN:206,useBuyProduct
FN:209,(anonymous_19)
FN:211,(anonymous_20)
FN:236,(anonymous_21)
FN:275,useMyOrders
FN:276,(anonymous_23)
FN:281,(anonymous_24)
FN:299,useDownloadDigitalProduct
FN:302,(anonymous_26)
FN:336,useSavedProduct
FN:337,(anonymous_28)
FN:344,(anonymous_29)
FN:353,(anonymous_30)
FN:385,useSavedProducts
FN:386,(anonymous_32)
FN:391,(anonymous_33)
FN:421,useReportProduct
FN:424,(anonymous_35)
FNF:36
FNH:0
FNDA:0,useMyProducts
FNDA:0,(anonymous_1)
FNDA:0,(anonymous_2)
FNDA:0,useShopProducts
FNDA:0,(anonymous_4)
FNDA:0,useCreateProduct
FNDA:0,(anonymous_6)
FNDA:0,(anonymous_7)
FNDA:0,(anonymous_8)
FNDA:0,useUpdateProduct
FNDA:0,(anonymous_10)
FNDA:0,(anonymous_11)
FNDA:0,useToggleProduct
FNDA:0,(anonymous_13)
FNDA:0,(anonymous_14)
FNDA:0,useDeleteProduct
FNDA:0,(anonymous_16)
FNDA:0,(anonymous_17)
FNDA:0,useBuyProduct
FNDA:0,(anonymous_19)
FNDA:0,(anonymous_20)
FNDA:0,(anonymous_21)
FNDA:0,useMyOrders
FNDA:0,(anonymous_23)
FNDA:0,(anonymous_24)
FNDA:0,useDownloadDigitalProduct
FNDA:0,(anonymous_26)
FNDA:0,useSavedProduct
FNDA:0,(anonymous_28)
FNDA:0,(anonymous_29)
FNDA:0,(anonymous_30)
FNDA:0,useSavedProducts
FNDA:0,(anonymous_32)
FNDA:0,(anonymous_33)
FNDA:0,useReportProduct
FNDA:0,(anonymous_35)
DA:81,0
DA:82,0
DA:87,0
DA:92,0
DA:93,0
DA:105,0
DA:109,0
DA:115,0
DA:116,0
DA:124,0
DA:125,0
DA:127,0
DA:129,0
DA:130,0
DA:135,0
DA:136,0
DA:139,0
DA:147,0
DA:148,0
DA:150,0
DA:156,0
DA:157,0
DA:160,0
DA:161,0
DA:169,0
DA:170,0
DA:172,0
DA:176,0
DA:179,0
DA:180,0
DA:188,0
DA:189,0
DA:191,0
DA:192,0
DA:195,0
DA:207,0
DA:208,0
DA:209,0
DA:211,0
DA:215,0
DA:216,0
DA:217,0
DA:221,0
DA:222,0
DA:225,0
DA:231,0
DA:237,0
DA:238,0
DA:247,0
DA:249,0
DA:251,0
DA:255,0
DA:276,0
DA:277,0
DA:282,0
DA:283,0
DA:289,0
DA:290,0
DA:300,0
DA:302,0
DA:303,0
DA:304,0
DA:306,0
DA:309,0
DA:310,0
DA:312,0
DA:315,0
DA:319,0
DA:322,0
DA:323,0
DA:325,0
DA:327,0
DA:331,0
DA:337,0
DA:338,0
DA:340,0
DA:345,0
DA:348,0
DA:349,0
DA:353,0
DA:354,0
DA:357,0
DA:358,0
DA:360,0
DA:364,0
DA:366,0
DA:367,0
DA:370,0
DA:371,0
DA:372,0
DA:375,0
DA:377,0
DA:380,0
DA:386,0
DA:387,0
DA:392,0
DA:396,0
DA:397,0
DA:412,0
DA:422,0
DA:424,0
DA:428,0
DA:429,0
DA:430,0
DA:435,0
DA:436,0
DA:437,0
DA:439,0
DA:441,0
DA:445,0
LF:110
LH:0
BRDA:92,0,0,0
BRDA:92,0,1,0
BRDA:93,1,0,0
BRDA:93,1,1,0
BRDA:110,2,0,0
BRDA:110,2,1,0
BRDA:111,3,0,0
BRDA:111,3,1,0
BRDA:112,4,0,0
BRDA:112,4,1,0
BRDA:115,5,0,0
BRDA:115,5,1,0
BRDA:116,6,0,0
BRDA:116,6,1,0
BRDA:129,7,0,0
BRDA:129,7,1,0
BRDA:135,8,0,0
BRDA:135,8,1,0
BRDA:156,9,0,0
BRDA:156,9,1,0
BRDA:176,10,0,0
BRDA:176,10,1,0
BRDA:192,11,0,0
BRDA:192,11,1,0
BRDA:213,12,0,0
BRDA:221,13,0,0
BRDA:221,13,1,0
BRDA:221,14,0,0
BRDA:221,14,1,0
BRDA:222,15,0,0
BRDA:222,15,1,0
BRDA:237,16,0,0
BRDA:237,16,1,0
BRDA:237,17,0,0
BRDA:237,17,1,0
BRDA:275,18,0,0
BRDA:282,19,0,0
BRDA:282,19,1,0
BRDA:289,20,0,0
BRDA:289,20,1,0
BRDA:290,21,0,0
BRDA:290,21,1,0
BRDA:309,22,0,0
BRDA:309,22,1,0
BRDA:309,23,0,0
BRDA:309,23,1,0
BRDA:310,24,0,0
BRDA:310,24,1,0
BRDA:319,25,0,0
BRDA:319,25,1,0
BRDA:319,26,0,0
BRDA:319,26,1,0
BRDA:340,27,0,0
BRDA:342,28,0,0
BRDA:342,28,1,0
BRDA:348,29,0,0
BRDA:348,29,1,0
BRDA:354,30,0,0
BRDA:354,30,1,0
BRDA:364,31,0,0
BRDA:364,31,1,0
BRDA:371,32,0,0
BRDA:371,32,1,0
BRDA:396,33,0,0
BRDA:396,33,1,0
BRDA:397,34,0,0
BRDA:397,34,1,0
BRDA:435,35,0,0
BRDA:435,35,1,0
BRDA:436,36,0,0
BRDA:436,36,1,0
BRF:71
BRH:0
end_of_record
TN:
SF:lib/useStories.ts
FN:32,useGuildStories
FN:33,(anonymous_1)
FN:37,(anonymous_2)
FN:67,(anonymous_3)
FN:81,(anonymous_4)
FN:94,(anonymous_5)
FN:105,(anonymous_6)
FN:108,(anonymous_7)
FN:136,(anonymous_8)
FN:153,useMarkStoryViewed
FN:155,(anonymous_10)
FN:158,(anonymous_11)
FN:165,(anonymous_12)
FN:168,(anonymous_13)
FN:170,(anonymous_14)
FN:171,(anonymous_15)
FN:177,(anonymous_16)
FN:183,(anonymous_17)
FN:187,(anonymous_18)
FN:194,useCreateStory
FN:196,(anonymous_20)
FN:199,(anonymous_21)
FN:228,(anonymous_22)
FN:237,useMyStoryVote
FN:238,(anonymous_24)
FN:242,(anonymous_25)
FN:258,useStoryPollResults
FN:261,(anonymous_27)
FN:268,(anonymous_28)
FN:269,(anonymous_29)
FN:278,useVoteStoryPoll
FN:280,(anonymous_31)
FN:283,(anonymous_32)
FN:291,(anonymous_33)
FNF:34
FNH:0
FNDA:0,useGuildStories
FNDA:0,(anonymous_1)
FNDA:0,(anonymous_2)
FNDA:0,(anonymous_3)
FNDA:0,(anonymous_4)
FNDA:0,(anonymous_5)
FNDA:0,(anonymous_6)
FNDA:0,(anonymous_7)
FNDA:0,(anonymous_8)
FNDA:0,useMarkStoryViewed
FNDA:0,(anonymous_10)
FNDA:0,(anonymous_11)
FNDA:0,(anonymous_12)
FNDA:0,(anonymous_13)
FNDA:0,(anonymous_14)
FNDA:0,(anonymous_15)
FNDA:0,(anonymous_16)
FNDA:0,(anonymous_17)
FNDA:0,(anonymous_18)
FNDA:0,useCreateStory
FNDA:0,(anonymous_20)
FNDA:0,(anonymous_21)
FNDA:0,(anonymous_22)
FNDA:0,useMyStoryVote
FNDA:0,(anonymous_24)
FNDA:0,(anonymous_25)
FNDA:0,useStoryPollResults
FNDA:0,(anonymous_27)
FNDA:0,(anonymous_28)
FNDA:0,(anonymous_29)
FNDA:0,useVoteStoryPoll
FNDA:0,(anonymous_31)
FNDA:0,(anonymous_32)
FNDA:0,(anonymous_33)
DA:33,0
DA:35,0
DA:38,0
DA:40,0
DA:43,0
DA:49,0
DA:51,0
DA:53,0
DA:55,0
DA:59,0
DA:62,0
DA:67,0
DA:69,0
DA:71,0
DA:72,0
DA:76,0
DA:80,0
DA:81,0
DA:84,0
DA:91,0
DA:94,0
DA:95,0
DA:96,0
DA:97,0
DA:102,0
DA:105,0
DA:108,0
DA:111,0
DA:112,0
DA:113,0
DA:114,0
DA:115,0
DA:123,0
DA:124,0
DA:130,0
DA:131,0
DA:135,0
DA:136,0
DA:137,0
DA:138,0
DA:139,0
DA:140,0
DA:141,0
DA:154,0
DA:155,0
DA:157,0
DA:159,0
DA:160,0
DA:166,0
DA:167,0
DA:168,0
DA:169,0
DA:170,0
DA:171,0
DA:172,0
DA:174,0
DA:177,0
DA:181,0
DA:185,0
DA:188,0
DA:195,0
DA:196,0
DA:198,0
DA:210,0
DA:211,0
DA:216,0
DA:217,0
DA:219,0
DA:220,0
DA:222,0
DA:223,0
DA:224,0
DA:225,0
DA:229,0
DA:238,0
DA:240,0
DA:243,0
DA:244,0
DA:250,0
DA:259,0
DA:262,0
DA:263,0
DA:267,0
DA:268,0
DA:269,0
DA:270,0
DA:279,0
DA:280,0
DA:282,0
DA:284,0
DA:286,0
DA:289,0
DA:292,0
DA:293,0
LF:94
LH:0
BRDA:38,0,0,0
BRDA:38,0,1,0
BRDA:53,1,0,0
BRDA:53,1,1,0
BRDA:59,2,0,0
BRDA:59,2,1,0
BRDA:67,3,0,0
BRDA:67,3,1,0
BRDA:71,4,0,0
BRDA:71,4,1,0
BRDA:76,5,0,0
BRDA:76,5,1,0
BRDA:80,6,0,0
BRDA:80,6,1,0
BRDA:80,7,0,0
BRDA:80,7,1,0
BRDA:91,8,0,0
BRDA:91,8,1,0
BRDA:91,9,0,0
BRDA:91,9,1,0
BRDA:96,10,0,0
BRDA:96,10,1,0
BRDA:102,11,0,0
BRDA:102,11,1,0
BRDA:114,12,0,0
BRDA:114,12,1,0
BRDA:117,13,0,0
BRDA:117,13,1,0
BRDA:118,14,0,0
BRDA:118,14,1,0
BRDA:126,15,0,0
BRDA:126,15,1,0
BRDA:127,16,0,0
BRDA:127,16,1,0
BRDA:131,17,0,0
BRDA:131,17,1,0
BRDA:137,18,0,0
BRDA:137,18,1,0
BRDA:138,19,0,0
BRDA:138,19,1,0
BRDA:139,20,0,0
BRDA:139,20,1,0
BRDA:139,21,0,0
BRDA:139,21,1,0
BRDA:140,22,0,0
BRDA:140,22,1,0
BRDA:140,23,0,0
BRDA:140,23,1,0
BRDA:159,24,0,0
BRDA:159,24,1,0
BRDA:169,25,0,0
BRDA:169,25,1,0
BRDA:172,26,0,0
BRDA:172,26,1,0
BRDA:185,27,0,0
BRDA:185,27,1,0
BRDA:210,28,0,0
BRDA:210,28,1,0
BRDA:216,29,0,0
BRDA:216,29,1,0
BRDA:219,30,0,0
BRDA:219,30,1,0
BRDA:223,31,0,0
BRDA:223,31,1,0
BRDA:224,32,0,0
BRDA:224,32,1,0
BRDA:243,33,0,0
BRDA:243,33,1,0
BRDA:243,34,0,0
BRDA:243,34,1,0
BRDA:250,35,0,0
BRDA:250,35,1,0
BRDA:252,36,0,0
BRDA:252,36,1,0
BRDA:262,37,0,0
BRDA:262,37,1,0
BRDA:267,38,0,0
BRDA:267,38,1,0
BRDA:284,39,0,0
BRDA:284,39,1,0
BRDA:289,40,0,0
BRDA:289,40,1,0
BRF:82
BRH:0
end_of_record
TN:
SF:lib/useStoryComments.ts
FN:19,useStoryComments
FN:23,(anonymous_1)
FN:35,(anonymous_2)
FN:40,(anonymous_3)
FN:45,(anonymous_4)
FN:62,useAddStoryComment
FN:65,(anonymous_6)
FN:84,(anonymous_7)
FNF:8
FNH:0
FNDA:0,useStoryComments
FNDA:0,(anonymous_1)
FNDA:0,(anonymous_2)
FNDA:0,(anonymous_3)
FNDA:0,(anonymous_4)
FNDA:0,useAddStoryComment
FNDA:0,(anonymous_6)
FNDA:0,(anonymous_7)
DA:20,0
DA:23,0
DA:24,0
DA:25,0
DA:36,0
DA:40,0
DA:43,0
DA:46,0
DA:47,0
DA:53,0
DA:54,0
DA:63,0
DA:64,0
DA:74,0
DA:75,0
DA:76,0
DA:82,0
DA:85,0
LF:18
LH:0
BRDA:24,0,0,0
BRDA:24,0,1,0
BRDA:46,1,0,0
BRDA:46,1,1,0
BRDA:53,2,0,0
BRDA:53,2,1,0
BRDA:54,3,0,0
BRDA:54,3,1,0
BRDA:68,4,0,0
BRDA:75,5,0,0
BRDA:75,5,1,0
BRDA:82,6,0,0
BRDA:82,6,1,0
BRF:13
BRH:0
end_of_record
TN:
SF:lib/useStoryHighlights.ts
FN:40,useStoryHighlights
FN:43,(anonymous_1)
FN:72,(anonymous_2)
FN:73,(anonymous_3)
FN:88,(anonymous_4)
FN:117,fetchHighlightsLegacy
FN:126,(anonymous_6)
FN:139,(anonymous_7)
FN:154,useMyStoryArchive
FN:155,(anonymous_9)
FN:159,(anonymous_10)
FN:176,(anonymous_11)
FN:184,useMyPostsForHighlight
FN:185,(anonymous_13)
FN:189,(anonymous_14)
FN:205,(anonymous_15)
FN:213,useAddHighlight
FN:215,(anonymous_17)
FN:218,(anonymous_18)
FN:235,(anonymous_19)
FN:263,(anonymous_20)
FN:270,useRemoveHighlight
FN:272,(anonymous_22)
FN:275,(anonymous_23)
FN:283,(anonymous_24)
FNF:25
FNH:0
FNDA:0,useStoryHighlights
FNDA:0,(anonymous_1)
FNDA:0,(anonymous_2)
FNDA:0,(anonymous_3)
FNDA:0,(anonymous_4)
FNDA:0,fetchHighlightsLegacy
FNDA:0,(anonymous_6)
FNDA:0,(anonymous_7)
FNDA:0,useMyStoryArchive
FNDA:0,(anonymous_9)
FNDA:0,(anonymous_10)
FNDA:0,(anonymous_11)
FNDA:0,useMyPostsForHighlight
FNDA:0,(anonymous_13)
FNDA:0,(anonymous_14)
FNDA:0,(anonymous_15)
FNDA:0,useAddHighlight
FNDA:0,(anonymous_17)
FNDA:0,(anonymous_18)
FNDA:0,(anonymous_19)
FNDA:0,(anonymous_20)
FNDA:0,useRemoveHighlight
FNDA:0,(anonymous_22)
FNDA:0,(anonymous_23)
FNDA:0,(anonymous_24)
DA:41,0
DA:44,0
DA:47,0
DA:53,0
DA:55,0
DA:60,0
DA:62,0
DA:63,0
DA:64,0
DA:67,0
DA:68,0
DA:71,0
DA:72,0
DA:73,0
DA:75,0
DA:77,0
DA:78,0
DA:83,0
DA:84,0
DA:88,0
DA:89,0
DA:90,0
DA:91,0
DA:92,0
DA:94,0
DA:97,0
DA:118,0
DA:124,0
DA:126,0
DA:127,0
DA:129,0
DA:130,0
DA:134,0
DA:135,0
DA:139,0
DA:155,0
DA:157,0
DA:160,0
DA:162,0
DA:171,0
DA:172,0
DA:173,0
DA:174,0
DA:176,0
DA:185,0
DA:187,0
DA:190,0
DA:192,0
DA:201,0
DA:202,0
DA:203,0
DA:205,0
DA:214,0
DA:215,0
DA:217,0
DA:219,0
DA:222,0
DA:223,0
DA:225,0
DA:235,0
DA:242,0
DA:244,0
DA:248,0
DA:252,0
DA:253,0
DA:257,0
DA:258,0
DA:261,0
DA:264,0
DA:271,0
DA:272,0
DA:274,0
DA:276,0
DA:281,0
DA:284,0
LF:75
LH:0
BRDA:44,0,0,0
BRDA:44,0,1,0
BRDA:53,1,0,0
BRDA:53,1,1,0
BRDA:55,2,0,0
BRDA:55,2,1,0
BRDA:56,3,0,0
BRDA:56,3,1,0
BRDA:56,3,2,0
BRDA:62,4,0,0
BRDA:62,4,1,0
BRDA:63,5,0,0
BRDA:63,5,1,0
BRDA:67,6,0,0
BRDA:67,6,1,0
BRDA:68,7,0,0
BRDA:68,7,1,0
BRDA:72,8,0,0
BRDA:72,8,1,0
BRDA:77,9,0,0
BRDA:77,9,1,0
BRDA:83,10,0,0
BRDA:83,10,1,0
BRDA:84,11,0,0
BRDA:84,11,1,0
BRDA:84,12,0,0
BRDA:84,12,1,0
BRDA:84,13,0,0
BRDA:84,13,1,0
BRDA:89,14,0,0
BRDA:89,14,1,0
BRDA:90,15,0,0
BRDA:90,15,1,0
BRDA:90,15,2,0
BRDA:91,16,0,0
BRDA:91,16,1,0
BRDA:91,16,2,0
BRDA:92,17,0,0
BRDA:92,17,1,0
BRDA:94,18,0,0
BRDA:94,18,1,0
BRDA:94,19,0,0
BRDA:94,19,1,0
BRDA:100,20,0,0
BRDA:100,20,1,0
BRDA:101,21,0,0
BRDA:101,21,1,0
BRDA:124,22,0,0
BRDA:124,22,1,0
BRDA:124,23,0,0
BRDA:124,23,1,0
BRDA:129,24,0,0
BRDA:129,24,1,0
BRDA:134,25,0,0
BRDA:134,25,1,0
BRDA:135,26,0,0
BRDA:135,26,1,0
BRDA:135,27,0,0
BRDA:135,27,1,0
BRDA:135,28,0,0
BRDA:135,28,1,0
BRDA:142,29,0,0
BRDA:142,29,1,0
BRDA:145,30,0,0
BRDA:145,30,1,0
BRDA:146,31,0,0
BRDA:146,31,1,0
BRDA:148,32,0,0
BRDA:148,32,1,0
BRDA:148,33,0,0
BRDA:148,33,1,0
BRDA:160,34,0,0
BRDA:160,34,1,0
BRDA:171,35,0,0
BRDA:171,35,1,0
BRDA:172,36,0,0
BRDA:172,36,1,0
BRDA:173,37,0,0
BRDA:173,37,1,0
BRDA:176,38,0,0
BRDA:176,38,1,0
BRDA:190,39,0,0
BRDA:190,39,1,0
BRDA:201,40,0,0
BRDA:201,40,1,0
BRDA:202,41,0,0
BRDA:202,41,1,0
BRDA:205,42,0,0
BRDA:205,42,1,0
BRDA:219,43,0,0
BRDA:219,43,1,0
BRDA:223,44,0,0
BRDA:223,44,1,0
BRDA:227,45,0,0
BRDA:227,45,1,0
BRDA:228,46,0,0
BRDA:228,46,1,0
BRDA:233,47,0,0
BRDA:233,47,1,0
BRDA:238,48,0,0
BRDA:238,48,1,0
BRDA:244,49,0,0
BRDA:244,49,1,0
BRDA:248,50,0,0
BRDA:248,50,1,0
BRDA:248,50,2,0
BRDA:252,51,0,0
BRDA:252,51,1,0
BRDA:257,52,0,0
BRDA:257,52,1,0
BRDA:257,53,0,0
BRDA:257,53,1,0
BRDA:261,54,0,0
BRDA:261,54,1,0
BRDA:280,55,0,0
BRDA:280,55,1,0
BRDA:281,56,0,0
BRDA:281,56,1,0
BRF:118
BRH:0
end_of_record
TN:
SF:lib/useStoryViews.ts
FN:23,useStoryViewers
FN:26,(anonymous_1)
FNF:2
FNH:0
FNDA:0,useStoryViewers
FNDA:0,(anonymous_1)
DA:24,0
DA:27,0
DA:29,0
DA:36,0
DA:37,0
DA:38,0
DA:41,0
LF:7
LH:0
BRDA:23,0,0,0
BRDA:27,1,0,0
BRDA:27,1,1,0
BRDA:36,2,0,0
BRDA:36,2,1,0
BRDA:37,3,0,0
BRDA:37,3,1,0
BRDA:41,4,0,0
BRDA:41,4,1,0
BRDA:43,5,0,0
BRDA:43,5,1,0
BRF:11
BRH:0
end_of_record
TN:
SF:lib/useTabRefresh.ts
FN:16,(anonymous_0)
FN:20,(anonymous_1)
FN:21,(anonymous_2)
FN:22,(anonymous_3)
FN:26,(anonymous_4)
FN:27,(anonymous_5)
FN:28,(anonymous_6)
FNF:7
FNH:0
FNDA:0,(anonymous_0)
FNDA:0,(anonymous_1)
FNDA:0,(anonymous_2)
FNDA:0,(anonymous_3)
FNDA:0,(anonymous_4)
FNDA:0,(anonymous_5)
FNDA:0,(anonymous_6)
DA:16,0
DA:21,0
DA:22,0
DA:27,0
DA:28,0
DA:32,0
DA:36,0
LF:7
LH:0
BRF:0
BRH:0
end_of_record
TN:
SF:lib/useTheme.ts
FN:11,useTheme
FN:12,(anonymous_1)
FN:13,(anonymous_2)
FN:14,(anonymous_3)
FNF:4
FNH:0
FNDA:0,useTheme
FNDA:0,(anonymous_1)
FNDA:0,(anonymous_2)
FNDA:0,(anonymous_3)
DA:12,0
DA:13,0
DA:14,0
DA:16,0
LF:4
LH:0
BRF:0
BRH:0
end_of_record
TN:
SF:lib/useVideoPreferences.ts
FN:18,_setGlobal
FN:20,(anonymous_1)
FN:21,(anonymous_2)
FN:26,(anonymous_3)
FN:29,(anonymous_4)
FN:33,useVideoMute
FN:36,(anonymous_6)
FN:41,(anonymous_7)
FN:46,(anonymous_8)
FNF:9
FNH:0
FNDA:0,_setGlobal
FNDA:0,(anonymous_1)
FNDA:0,(anonymous_2)
FNDA:0,(anonymous_3)
FNDA:0,(anonymous_4)
FNDA:0,useVideoMute
FNDA:0,(anonymous_6)
FNDA:0,(anonymous_7)
FNDA:0,(anonymous_8)
DA:12,0
DA:15,0
DA:16,0
DA:19,0
DA:20,0
DA:21,0
DA:25,0
DA:27,0
DA:34,0
DA:36,0
DA:38,0
DA:40,0
DA:41,0
DA:42,0
DA:46,0
DA:47,0
DA:50,0
LF:17
LH:0
BRDA:27,0,0,0
BRDA:27,0,1,0
BRF:2
BRH:0
end_of_record
TN:
SF:lib/useVoiceClone.ts
FN:40,useVoiceClone
FN:59,(anonymous_1)
FN:110,(anonymous_2)
FN:125,(anonymous_3)
FN:162,(anonymous_4)
FN:180,(anonymous_5)
FN:192,(anonymous_6)
FN:193,(anonymous_7)
FN:198,(anonymous_8)
FN:232,(anonymous_9)
FN:250,(anonymous_10)
FN:251,(anonymous_11)
FNF:12
FNH:0
FNDA:0,useVoiceClone
FNDA:0,(anonymous_1)
FNDA:0,(anonymous_2)
FNDA:0,(anonymous_3)
FNDA:0,(anonymous_4)
FNDA:0,(anonymous_5)
FNDA:0,(anonymous_6)
FNDA:0,(anonymous_7)
FNDA:0,(anonymous_8)
FNDA:0,(anonymous_9)
FNDA:0,(anonymous_10)
FNDA:0,(anonymous_11)
DA:22,0
DA:41,0
DA:43,0
DA:44,0
DA:45,0
DA:46,0
DA:49,0
DA:50,0
DA:52,0
DA:53,0
DA:54,0
DA:55,0
DA:56,0
DA:59,0
DA:60,0
DA:61,0
DA:62,0
DA:63,0
DA:64,0
DA:65,0
DA:66,0
DA:70,0
DA:79,0
DA:102,0
DA:103,0
DA:104,0
DA:105,0
DA:106,0
DA:107,0
DA:110,0
DA:111,0
DA:112,0
DA:113,0
DA:114,0
DA:118,0
DA:119,0
DA:120,0
DA:125,0
DA:126,0
DA:127,0
DA:129,0
DA:130,0
DA:131,0
DA:134,0
DA:135,0
DA:137,0
DA:138,0
DA:139,0
DA:140,0
DA:143,0
DA:148,0
DA:149,0
DA:150,0
DA:152,0
DA:155,0
DA:156,0
DA:157,0
DA:162,0
DA:163,0
DA:164,0
DA:165,0
DA:166,0
DA:167,0
DA:168,0
DA:170,0
DA:174,0
DA:178,0
DA:179,0
DA:180,0
DA:181,0
DA:182,0
DA:186,0
DA:187,0
DA:192,0
DA:193,0
DA:194,0
DA:198,0
DA:199,0
DA:200,0
DA:201,0
DA:202,0
DA:204,0
DA:206,0
DA:207,0
DA:210,0
DA:215,0
DA:216,0
DA:219,0
DA:220,0
DA:221,0
DA:222,0
DA:224,0
DA:225,0
DA:226,0
DA:232,0
DA:233,0
DA:234,0
DA:235,0
DA:240,0
DA:241,0
DA:242,0
DA:243,0
DA:245,0
DA:250,0
DA:251,0
DA:252,0
DA:253,0
DA:254,0
DA:255,0
DA:256,0
DA:257,0
DA:260,0
LF:112
LH:0
BRDA:47,0,0,0
BRDA:47,0,1,0
BRDA:63,1,0,0
BRDA:63,1,1,0
BRDA:113,2,0,0
BRDA:113,2,1,0
BRDA:119,3,0,0
BRDA:119,3,1,0
BRDA:126,4,0,0
BRDA:126,4,1,0
BRDA:129,5,0,0
BRDA:129,5,1,0
BRDA:135,6,0,0
BRDA:135,6,1,0
BRDA:148,7,0,0
BRDA:148,7,1,0
BRDA:156,8,0,0
BRDA:156,8,1,0
BRDA:163,9,0,0
BRDA:163,9,1,0
BRDA:165,10,0,0
BRDA:165,10,1,0
BRDA:181,11,0,0
BRDA:181,11,1,0
BRDA:181,12,0,0
BRDA:181,12,1,0
BRDA:199,13,0,0
BRDA:199,13,1,0
BRDA:199,14,0,0
BRDA:199,14,1,0
BRDA:204,15,0,0
BRDA:204,15,1,0
BRDA:207,16,0,0
BRDA:207,16,1,0
BRDA:215,17,0,0
BRDA:215,17,1,0
BRDA:215,18,0,0
BRDA:215,18,1,0
BRDA:216,19,0,0
BRDA:216,19,1,0
BRDA:220,20,0,0
BRDA:220,20,1,0
BRDA:225,21,0,0
BRDA:225,21,1,0
BRDA:233,22,0,0
BRDA:233,22,1,0
BRF:46
BRH:0
end_of_record
TN:
SF:lib/useVoiceReader.ts
FN:43,detectLocale
FN:48,useVoiceReader
FN:71,(anonymous_2)
FN:78,(anonymous_3)
FN:79,(anonymous_4)
FN:89,(anonymous_5)
FN:140,(anonymous_6)
FN:151,(anonymous_7)
FN:152,(anonymous_8)
FN:153,(anonymous_9)
FN:162,(anonymous_10)
FN:185,(anonymous_11)
FN:193,(anonymous_12)
FNF:13
FNH:0
FNDA:0,detectLocale
FNDA:0,useVoiceReader
FNDA:0,(anonymous_2)
FNDA:0,(anonymous_3)
FNDA:0,(anonymous_4)
FNDA:0,(anonymous_5)
FNDA:0,(anonymous_6)
FNDA:0,(anonymous_7)
FNDA:0,(anonymous_8)
FNDA:0,(anonymous_9)
FNDA:0,(anonymous_10)
FNDA:0,(anonymous_11)
FNDA:0,(anonymous_12)
DA:16,0
DA:17,0
DA:30,0
DA:33,0
DA:44,0
DA:45,0
DA:54,0
DA:55,0
DA:59,0
DA:62,0
DA:63,0
DA:64,0
DA:67,0
DA:68,0
DA:71,0
DA:72,0
DA:73,0
DA:78,0
DA:79,0
DA:80,0
DA:81,0
DA:82,0
DA:83,0
DA:89,0
DA:90,0
DA:91,0
DA:92,0
DA:94,0
DA:95,0
DA:96,0
DA:97,0
DA:98,0
DA:100,0
DA:107,0
DA:108,0
DA:119,0
DA:120,0
DA:121,0
DA:122,0
DA:125,0
DA:126,0
DA:127,0
DA:128,0
DA:131,0
DA:132,0
DA:133,0
DA:135,0
DA:140,0
DA:141,0
DA:142,0
DA:144,0
DA:145,0
DA:146,0
DA:147,0
DA:151,0
DA:152,0
DA:153,0
DA:156,0
DA:157,0
DA:162,0
DA:163,0
DA:164,0
DA:166,0
DA:167,0
DA:169,0
DA:170,0
DA:171,0
DA:174,0
DA:175,0
DA:176,0
DA:177,0
DA:179,0
DA:180,0
DA:185,0
DA:186,0
DA:187,0
DA:188,0
DA:189,0
DA:193,0
DA:194,0
DA:195,0
DA:196,0
DA:197,0
DA:198,0
DA:200,0
DA:205,0
LF:86
LH:0
BRDA:16,0,0,0
BRDA:16,0,1,0
BRDA:17,1,0,0
BRDA:17,1,1,0
BRDA:45,2,0,0
BRDA:45,2,1,0
BRDA:51,3,0,0
BRDA:54,4,0,0
BRDA:54,4,1,0
BRDA:72,5,0,0
BRDA:72,5,1,0
BRDA:72,6,0,0
BRDA:72,6,1,0
BRDA:73,7,0,0
BRDA:73,7,1,0
BRDA:91,8,0,0
BRDA:91,8,1,0
BRDA:94,9,0,0
BRDA:94,9,1,0
BRDA:104,10,0,0
BRDA:104,10,1,0
BRDA:119,11,0,0
BRDA:119,11,1,0
BRDA:127,12,0,0
BRDA:127,12,1,0
BRDA:128,13,0,0
BRDA:128,13,1,0
BRDA:131,14,0,0
BRDA:131,14,1,0
BRDA:141,15,0,0
BRDA:141,15,1,0
BRDA:151,16,0,0
BRDA:151,16,1,0
BRDA:152,17,0,0
BRDA:152,17,1,0
BRDA:153,18,0,0
BRDA:153,18,1,0
BRDA:157,19,0,0
BRDA:157,19,1,0
BRDA:163,20,0,0
BRDA:163,20,1,0
BRDA:167,21,0,0
BRDA:167,21,1,0
BRDA:169,22,0,0
BRDA:169,22,1,0
BRDA:180,23,0,0
BRDA:180,23,1,0
BRDA:189,24,0,0
BRDA:189,24,1,0
BRDA:194,25,0,0
BRDA:194,25,1,0
BRDA:194,26,0,0
BRDA:194,26,1,0
BRDA:196,27,0,0
BRDA:196,27,1,0
BRDA:196,28,0,0
BRDA:196,28,1,0
BRDA:197,29,0,0
BRDA:197,29,1,0
BRF:59
BRH:0
end_of_record
TN:
SF:lib/useWomenOnly.ts
FN:11,useWomenOnly
FN:27,activateLevel1
FN:52,deactivate
FNF:3
FNH:0
FNDA:0,useWomenOnly
FNDA:0,activateLevel1
FNDA:0,deactivate
DA:12,0
DA:16,0
DA:20,0
DA:28,0
DA:30,0
DA:41,0
DA:44,0
DA:45,0
DA:53,0
DA:55,0
DA:65,0
DA:67,0
DA:68,0
DA:71,0
LF:14
LH:0
BRDA:16,0,0,0
BRDA:16,0,1,0
BRDA:20,1,0,0
BRDA:20,1,1,0
BRDA:28,2,0,0
BRDA:28,2,1,0
BRDA:41,3,0,0
BRDA:41,3,1,0
BRDA:53,4,0,0
BRDA:53,4,1,0
BRDA:65,5,0,0
BRDA:65,5,1,0
BRF:12
BRH:0
end_of_record
TN:
SF:lib/visionCamera.future.ts
FNF:0
FNH:0
LF:0
LH:0
BRF:0
BRH:0
end_of_record
